2023-08-28 12:03:35 +0000  Initial pipeline context: <IDEDistributionProcessingPipelineContext: 0x518852120; archive(resolved)="<IDEArchive: 0x502ba1f50>", distributionTask(resolved)="2", distributionDestination(resolved)="2", distributionMethod(resolved)="<IDEDistributionMethodiOSAppStoreDistribution: 0x50564e290>", team(resolved)="<IDEProvisioningDisambiguatableBasicTeam: 0x1734afb60; teamID='2HS962GC9R', teamName='Fireblocks Ltd', teamType='Company', username='dsgabay@fireblocks.com', isFreeProvisioningTeam='0'>">
	Chain (16, self inclusive):
	<IDEDistributionProcessingPipelineContext: 0x518852120; archive = "<IDEArchive: 0x502ba1f50>", distributionMethod="<IDEDistributionMethodiOSAppStoreDistribution: 0x50564e290>", team="<IDEProvisioningDisambiguatableBasicTeam: 0x1734afb60; teamID='2HS962GC9R', teamName='Fireblocks Ltd', teamType='Company', username='dsgabay@fireblocks.com', isFreeProvisioningTeam='0'>">
	<IDEDistributionProcessingPipelineContext: 0x2d650ec70; archive = "<IDEArchive: 0x502ba1f50>", distributionMethod="<IDEDistributionMethodiOSAppStoreDistribution: 0x50564e290>", team="<IDEProvisioningDisambiguatableBasicTeam: 0x1734afb60; teamID='2HS962GC9R', teamName='Fireblocks Ltd', teamType='Company', username='dsgabay@fireblocks.com', isFreeProvisioningTeam='0'>">
	<IDEDistributionContext: 0x2e7b3fe20; archive = "<IDEArchive: 0x502ba1f50>", distributionMethod="<IDEDistributionMethodiOSAppStoreDistribution: 0x50564e290>", team="<IDEProvisioningDisambiguatableBasicTeam: 0x1734afb60; teamID='2HS962GC9R', teamName='Fireblocks Ltd', teamType='Company', username='dsgabay@fireblocks.com', isFreeProvisioningTeam='0'>">
	<IDEDistributionContext: 0x480113fc0; archive = "<IDEArchive: 0x502ba1f50>", distributionMethod="<IDEDistributionMethodiOSAppStoreDistribution: 0x50564e290>", team="<IDEProvisioningDisambiguatableBasicTeam: 0x1734afb60; teamID='2HS962GC9R', teamName='Fireblocks Ltd', teamType='Company', username='dsgabay@fireblocks.com', isFreeProvisioningTeam='0'>">
	<IDEDistributionContext: 0x51886c6a0; archive = "<IDEArchive: 0x502ba1f50>", distributionMethod="<IDEDistributionMethodiOSAppStoreDistribution: 0x50564e290>", team="<IDEProvisioningDisambiguatableBasicTeam: 0x1734afb60; teamID='2HS962GC9R', teamName='Fireblocks Ltd', teamType='Company', username='dsgabay@fireblocks.com', isFreeProvisioningTeam='0'>">
	<IDEDistributionContext: 0x5037e0b20; archive = "<IDEArchive: 0x502ba1f50>", distributionMethod="<IDEDistributionMethodiOSAppStoreDistribution: 0x50564e290>", team="<IDEProvisioningDisambiguatableBasicTeam: 0x1734afb60; teamID='2HS962GC9R', teamName='Fireblocks Ltd', teamType='Company', username='dsgabay@fireblocks.com', isFreeProvisioningTeam='0'>">
	<IDEDistributionContext: 0x5037e1950; archive = "<IDEArchive: 0x502ba1f50>", distributionMethod="<IDEDistributionMethodiOSAppStoreDistribution: 0x50564e290>", team="<IDEProvisioningDisambiguatableBasicTeam: 0x1734afb60; teamID='2HS962GC9R', teamName='Fireblocks Ltd', teamType='Company', username='dsgabay@fireblocks.com', isFreeProvisioningTeam='0'>">
	<IDEDistributionContext: 0x2e7b30510; archive = "<IDEArchive: 0x502ba1f50>", distributionMethod="<IDEDistributionMethodiOSAppStoreDistribution: 0x50564e290>", team="<IDEProvisioningDisambiguatableBasicTeam: 0x1734afb60; teamID='2HS962GC9R', teamName='Fireblocks Ltd', teamType='Company', username='dsgabay@fireblocks.com', isFreeProvisioningTeam='0'>">
	<IDEDistributionContext: 0x2d3949ee0; archive = "<IDEArchive: 0x502ba1f50>", distributionMethod="<IDEDistributionMethodiOSAppStoreDistribution: 0x50564e290>", team="<IDEProvisioningDisambiguatableBasicTeam: 0x1734afb60; teamID='2HS962GC9R', teamName='Fireblocks Ltd', teamType='Company', username='dsgabay@fireblocks.com', isFreeProvisioningTeam='0'>">
	<IDEDistributionContext: 0x518c20620; archive = "<IDEArchive: 0x502ba1f50>", distributionMethod="<IDEDistributionMethodiOSAppStoreDistribution: 0x50564e290>", team="<IDEProvisioningDisambiguatableBasicTeam: 0x1734afb60; teamID='2HS962GC9R', teamName='Fireblocks Ltd', teamType='Company', username='dsgabay@fireblocks.com', isFreeProvisioningTeam='0'>">
	<IDEDistributionContext: 0x506715a90; archive = "<IDEArchive: 0x502ba1f50>", distributionMethod="<IDEDistributionMethodiOSAppStoreDistribution: 0x50564e290>", team="<IDEProvisioningDisambiguatableBasicTeam: 0x1734afb60; teamID='2HS962GC9R', teamName='Fireblocks Ltd', teamType='Company', username='dsgabay@fireblocks.com', isFreeProvisioningTeam='0'>">
	<IDEDistributionContext: 0x506714090; archive = "<IDEArchive: 0x502ba1f50>", distributionMethod="<IDEDistributionMethodiOSAppStoreDistribution: 0x50564e290>", team="<IDEProvisioningDisambiguatableBasicTeam: 0x1734afb60; teamID='2HS962GC9R', teamName='Fireblocks Ltd', teamType='Company', username='dsgabay@fireblocks.com', isFreeProvisioningTeam='0'>">
	<IDEDistributionContext: 0x51a7ca800; archive = "<IDEArchive: 0x502ba1f50>", distributionMethod="<IDEDistributionMethodiOSAppStoreDistribution: 0x50564e290>", team="<IDEProvisioningDisambiguatableBasicTeam: 0x1734afb60; teamID='2HS962GC9R', teamName='Fireblocks Ltd', teamType='Company', username='dsgabay@fireblocks.com', isFreeProvisioningTeam='0'>">
	<IDEDistributionContext: 0x2fd5887d0; archive = "<IDEArchive: 0x502ba1f50>", distributionMethod="<IDEDistributionMethodiOSAppStoreDistribution: 0x50564e290>", team="(null)">
	<IDEDistributionContext: 0x2e4be3060; archive = "<IDEArchive: 0x502ba1f50>", distributionMethod="<IDEDistributionMethodiOSAppStoreDistribution: 0x50564e290>", team="(null)">
	<IDEDistributionContext: 0x2fd54aa00; archive = "<IDEArchive: 0x502ba1f50>", distributionMethod="(null)", team="(null)">
</IDEDistributionProcessingPipelineContext: 0x518852120>
2023-08-28 12:03:35 +0000  Processing step: IDEDistributionCreateDestRootStep
2023-08-28 12:03:35 +0000  Processing step: IDEDistributionCopyItemStep
2023-08-28 12:03:35 +0000  Running /usr/bin/ditto '-V' '/Users/dudishani-gabay/Library/Developer/Xcode/Archives/2023-08-28/NCW-sandbox 28-08-2023, 15.03.xcarchive/Products/Applications/NCW-sandbox.app' '/var/folders/fd/zvs9w5pd0kb7c1l_sjbgqwfm0000gq/T/XcodeDistPipeline.~~~o24rsI/Root/Payload/NCW-sandbox.app'
2023-08-28 12:03:35 +0000  >>> Copying /Users/dudishani-gabay/Library/Developer/Xcode/Archives/2023-08-28/NCW-sandbox 28-08-2023, 15.03.xcarchive/Products/Applications/NCW-sandbox.app 
2023-08-28 12:03:35 +0000  copying file ./ManuallyInputViewController.nib ... 
2023-08-28 12:03:35 +0000  10007 bytes for ./ManuallyInputViewController.nib
2023-08-28 12:03:35 +0000  copying file ./_CodeSignature/CodeResources ... 
2023-08-28 12:03:35 +0000  34687 bytes for ./_CodeSignature/CodeResources
2023-08-28 12:03:35 +0000  copying file ./Inter-Medium.ttf ... 
2023-08-28 12:03:35 +0000  694512 bytes for ./Inter-Medium.ttf
2023-08-28 12:03:35 +0000  copying file ./Roboto-Medium.ttf ... 
2023-08-28 12:03:35 +0000  168644 bytes for ./Roboto-Medium.ttf
2023-08-28 12:03:35 +0000  copying file ./MpcKeyCellView.nib ... 
2023-08-28 12:03:35 +0000  5630 bytes for ./MpcKeyCellView.nib
2023-08-28 12:03:35 +0000  copying file ./GoogleSignIn_GoogleSignIn.bundle/de.lproj/GoogleSignIn.strings ... 
2023-08-28 12:03:35 +0000  1703 bytes for ./GoogleSignIn_GoogleSignIn.bundle/de.lproj/GoogleSignIn.strings
2023-08-28 12:03:35 +0000  copying file ./GoogleSignIn_GoogleSignIn.bundle/he.lproj/GoogleSignIn.strings ... 
2023-08-28 12:03:35 +0000  1780 bytes for ./GoogleSignIn_GoogleSignIn.bundle/he.lproj/GoogleSignIn.strings
2023-08-28 12:03:35 +0000  copying file ./GoogleSignIn_GoogleSignIn.bundle/ar.lproj/GoogleSignIn.strings ... 
2023-08-28 12:03:35 +0000  1759 bytes for ./GoogleSignIn_GoogleSignIn.bundle/ar.lproj/GoogleSignIn.strings
2023-08-28 12:03:35 +0000  copying file ./GoogleSignIn_GoogleSignIn.bundle/el.lproj/GoogleSignIn.strings ... 
2023-08-28 12:03:35 +0000  2103 bytes for ./GoogleSignIn_GoogleSignIn.bundle/el.lproj/GoogleSignIn.strings
2023-08-28 12:03:35 +0000  copying file ./GoogleSignIn_GoogleSignIn.bundle/ja.lproj/GoogleSignIn.strings ... 
2023-08-28 12:03:35 +0000  1711 bytes for ./GoogleSignIn_GoogleSignIn.bundle/ja.lproj/GoogleSignIn.strings
2023-08-28 12:03:35 +0000  copying file ./GoogleSignIn_GoogleSignIn.bundle/en.lproj/GoogleSignIn.strings ... 
2023-08-28 12:03:35 +0000  1547 bytes for ./GoogleSignIn_GoogleSignIn.bundle/en.lproj/GoogleSignIn.strings
2023-08-28 12:03:35 +0000  copying file ./GoogleSignIn_GoogleSignIn.bundle/uk.lproj/GoogleSignIn.strings ... 
2023-08-28 12:03:35 +0000  1864 bytes for ./GoogleSignIn_GoogleSignIn.bundle/uk.lproj/GoogleSignIn.strings
2023-08-28 12:03:35 +0000  copying file ./GoogleSignIn_GoogleSignIn.bundle/es_MX.lproj/GoogleSignIn.strings ... 
2023-08-28 12:03:35 +0000  1607 bytes for ./GoogleSignIn_GoogleSignIn.bundle/es_MX.lproj/GoogleSignIn.strings
2023-08-28 12:03:35 +0000  copying file ./GoogleSignIn_GoogleSignIn.bundle/zh_CN.lproj/GoogleSignIn.strings ... 
2023-08-28 12:03:35 +0000  1489 bytes for ./GoogleSignIn_GoogleSignIn.bundle/zh_CN.lproj/GoogleSignIn.strings
2023-08-28 12:03:35 +0000  copying file ./GoogleSignIn_GoogleSignIn.bundle/nb.lproj/GoogleSignIn.strings ... 
2023-08-28 12:03:35 +0000  1593 bytes for ./GoogleSignIn_GoogleSignIn.bundle/nb.lproj/GoogleSignIn.strings
2023-08-28 12:03:35 +0000  copying file ./GoogleSignIn_GoogleSignIn.bundle/es.lproj/GoogleSignIn.strings ... 
2023-08-28 12:03:35 +0000  1678 bytes for ./GoogleSignIn_GoogleSignIn.bundle/es.lproj/GoogleSignIn.strings
2023-08-28 12:03:35 +0000  copying file ./GoogleSignIn_GoogleSignIn.bundle/pt_BR.lproj/GoogleSignIn.strings ... 
2023-08-28 12:03:35 +0000  1608 bytes for ./GoogleSignIn_GoogleSignIn.bundle/pt_BR.lproj/GoogleSignIn.strings
copying file ./GoogleSignIn_GoogleSignIn.bundle/da.lproj/GoogleSignIn.strings ... 
2023-08-28 12:03:35 +0000  1611 bytes for ./GoogleSignIn_GoogleSignIn.bundle/da.lproj/GoogleSignIn.strings
2023-08-28 12:03:35 +0000  copying file ./GoogleSignIn_GoogleSignIn.bundle/it.lproj/GoogleSignIn.strings ... 
2023-08-28 12:03:35 +0000  1570 bytes for ./GoogleSignIn_GoogleSignIn.bundle/it.lproj/GoogleSignIn.strings
2023-08-28 12:03:35 +0000  copying file ./GoogleSignIn_GoogleSignIn.bundle/sk.lproj/GoogleSignIn.strings ... 
2023-08-28 12:03:35 +0000  1665 bytes for ./GoogleSignIn_GoogleSignIn.bundle/sk.lproj/GoogleSignIn.strings
2023-08-28 12:03:35 +0000  copying file ./GoogleSignIn_GoogleSignIn.bundle/pt_PT.lproj/GoogleSignIn.strings ... 
2023-08-28 12:03:35 +0000  1646 bytes for ./GoogleSignIn_GoogleSignIn.bundle/pt_PT.lproj/GoogleSignIn.strings
2023-08-28 12:03:35 +0000  copying file ./GoogleSignIn_GoogleSignIn.bundle/google@3x.png ... 
2023-08-28 12:03:35 +0000  1622 bytes for ./GoogleSignIn_GoogleSignIn.bundle/google@3x.png
2023-08-28 12:03:35 +0000  copying file ./GoogleSignIn_GoogleSignIn.bundle/ms.lproj/GoogleSignIn.strings ... 
2023-08-28 12:03:35 +0000  1565 bytes for ./GoogleSignIn_GoogleSignIn.bundle/ms.lproj/GoogleSignIn.strings
2023-08-28 12:03:35 +0000  copying file ./GoogleSignIn_GoogleSignIn.bundle/sv.lproj/GoogleSignIn.strings ... 
2023-08-28 12:03:35 +0000  1579 bytes for ./GoogleSignIn_GoogleSignIn.bundle/sv.lproj/GoogleSignIn.strings
2023-08-28 12:03:35 +0000  copying file ./GoogleSignIn_GoogleSignIn.bundle/cs.lproj/GoogleSignIn.strings ... 
2023-08-28 12:03:35 +0000  1615 bytes for ./GoogleSignIn_GoogleSignIn.bundle/cs.lproj/GoogleSignIn.strings
2023-08-28 12:03:35 +0000  copying file ./GoogleSignIn_GoogleSignIn.bundle/google@2x.png ... 
2023-08-28 12:03:35 +0000  987 bytes for ./GoogleSignIn_GoogleSignIn.bundle/google@2x.png
2023-08-28 12:03:35 +0000  copying file ./GoogleSignIn_GoogleSignIn.bundle/ko.lproj/GoogleSignIn.strings ... 
2023-08-28 12:03:35 +0000  1634 bytes for ./GoogleSignIn_GoogleSignIn.bundle/ko.lproj/GoogleSignIn.strings
2023-08-28 12:03:35 +0000  copying file ./GoogleSignIn_GoogleSignIn.bundle/hu.lproj/GoogleSignIn.strings ... 
2023-08-28 12:03:35 +0000  1663 bytes for ./GoogleSignIn_GoogleSignIn.bundle/hu.lproj/GoogleSignIn.strings
2023-08-28 12:03:35 +0000  copying file ./GoogleSignIn_GoogleSignIn.bundle/tr.lproj/GoogleSignIn.strings ... 
2023-08-28 12:03:35 +0000  1596 bytes for ./GoogleSignIn_GoogleSignIn.bundle/tr.lproj/GoogleSignIn.strings
2023-08-28 12:03:35 +0000  copying file ./GoogleSignIn_GoogleSignIn.bundle/pl.lproj/GoogleSignIn.strings ... 
2023-08-28 12:03:35 +0000  1578 bytes for ./GoogleSignIn_GoogleSignIn.bundle/pl.lproj/GoogleSignIn.strings
2023-08-28 12:03:35 +0000  copying file ./GoogleSignIn_GoogleSignIn.bundle/zh_TW.lproj/GoogleSignIn.strings ... 
2023-08-28 12:03:35 +0000  1525 bytes for ./GoogleSignIn_GoogleSignIn.bundle/zh_TW.lproj/GoogleSignIn.strings
2023-08-28 12:03:35 +0000  copying file ./GoogleSignIn_GoogleSignIn.bundle/en_GB.lproj/GoogleSignIn.strings ... 
2023-08-28 12:03:35 +0000  1547 bytes for ./GoogleSignIn_GoogleSignIn.bundle/en_GB.lproj/GoogleSignIn.strings
2023-08-28 12:03:35 +0000  copying file ./GoogleSignIn_GoogleSignIn.bundle/vi.lproj/GoogleSignIn.strings ... 
2023-08-28 12:03:35 +0000  1717 bytes for ./GoogleSignIn_GoogleSignIn.bundle/vi.lproj/GoogleSignIn.strings
2023-08-28 12:03:35 +0000  copying file ./GoogleSignIn_GoogleSignIn.bundle/ru.lproj/GoogleSignIn.strings ... 
2023-08-28 12:03:35 +0000  1954 bytes for ./GoogleSignIn_GoogleSignIn.bundle/ru.lproj/GoogleSignIn.strings
2023-08-28 12:03:35 +0000  copying file ./GoogleSignIn_GoogleSignIn.bundle/fr_CA.lproj/GoogleSignIn.strings ... 
2023-08-28 12:03:35 +0000  1657 bytes for ./GoogleSignIn_GoogleSignIn.bundle/fr_CA.lproj/GoogleSignIn.strings
2023-08-28 12:03:35 +0000  copying file ./GoogleSignIn_GoogleSignIn.bundle/fr.lproj/GoogleSignIn.strings ... 
2023-08-28 12:03:35 +0000  1676 bytes for ./GoogleSignIn_GoogleSignIn.bundle/fr.lproj/GoogleSignIn.strings
2023-08-28 12:03:35 +0000  copying file ./GoogleSignIn_GoogleSignIn.bundle/fi.lproj/GoogleSignIn.strings ... 
2023-08-28 12:03:35 +0000  1640 bytes for ./GoogleSignIn_GoogleSignIn.bundle/fi.lproj/GoogleSignIn.strings
2023-08-28 12:03:35 +0000  copying file ./GoogleSignIn_GoogleSignIn.bundle/id.lproj/GoogleSignIn.strings ... 
2023-08-28 12:03:35 +0000  1553 bytes for ./GoogleSignIn_GoogleSignIn.bundle/id.lproj/GoogleSignIn.strings
2023-08-28 12:03:35 +0000  copying file ./GoogleSignIn_GoogleSignIn.bundle/nl.lproj/GoogleSignIn.strings ... 
2023-08-28 12:03:35 +0000  1606 bytes for ./GoogleSignIn_GoogleSignIn.bundle/nl.lproj/GoogleSignIn.strings
2023-08-28 12:03:35 +0000  copying file ./GoogleSignIn_GoogleSignIn.bundle/th.lproj/GoogleSignIn.strings ... 
2023-08-28 12:03:35 +0000  2133 bytes for ./GoogleSignIn_GoogleSignIn.bundle/th.lproj/GoogleSignIn.strings
2023-08-28 12:03:35 +0000  copying file ./GoogleSignIn_GoogleSignIn.bundle/pt.lproj/GoogleSignIn.strings ... 
2023-08-28 12:03:35 +0000  1608 bytes for ./GoogleSignIn_GoogleSignIn.bundle/pt.lproj/GoogleSignIn.strings
2023-08-28 12:03:35 +0000  copying file ./GoogleSignIn_GoogleSignIn.bundle/google.png ... 
2023-08-28 12:03:35 +0000  572 bytes for ./GoogleSignIn_GoogleSignIn.bundle/google.png
2023-08-28 12:03:35 +0000  copying file ./GoogleSignIn_GoogleSignIn.bundle/Roboto-Bold.ttf ... 
2023-08-28 12:03:35 +0000  127744 bytes for ./GoogleSignIn_GoogleSignIn.bundle/Roboto-Bold.ttf
2023-08-28 12:03:35 +0000  copying file ./GoogleSignIn_GoogleSignIn.bundle/ro.lproj/GoogleSignIn.strings ... 
2023-08-28 12:03:35 +0000  1598 bytes for ./GoogleSignIn_GoogleSignIn.bundle/ro.lproj/GoogleSignIn.strings
2023-08-28 12:03:35 +0000  copying file ./GoogleSignIn_GoogleSignIn.bundle/Info.plist ... 
2023-08-28 12:03:35 +0000  696 bytes for ./GoogleSignIn_GoogleSignIn.bundle/Info.plist
2023-08-28 12:03:35 +0000  copying file ./GoogleSignIn_GoogleSignIn.bundle/hr.lproj/GoogleSignIn.strings ... 
2023-08-28 12:03:35 +0000  1621 bytes for ./GoogleSignIn_GoogleSignIn.bundle/hr.lproj/GoogleSignIn.strings
2023-08-28 12:03:35 +0000  copying file ./GoogleSignIn_GoogleSignIn.bundle/hi.lproj/GoogleSignIn.strings ... 
2023-08-28 12:03:35 +0000  2286 bytes for ./GoogleSignIn_GoogleSignIn.bundle/hi.lproj/GoogleSignIn.strings
2023-08-28 12:03:35 +0000  copying file ./GoogleSignIn_GoogleSignIn.bundle/ca.lproj/GoogleSignIn.strings ... 
2023-08-28 12:03:35 +0000  1669 bytes for ./GoogleSignIn_GoogleSignIn.bundle/ca.lproj/GoogleSignIn.strings
2023-08-28 12:03:35 +0000  copying file ./AssetListViewController.nib ... 
2023-08-28 12:03:35 +0000  7535 bytes for ./AssetListViewController.nib
2023-08-28 12:03:35 +0000  copying file ./AssetViewCell.nib ... 
2023-08-28 12:03:35 +0000  6933 bytes for ./AssetViewCell.nib
2023-08-28 12:03:35 +0000  copying file ./AreYouSureBottomSheet.nib ... 
2023-08-28 12:03:35 +0000  7835 bytes for ./AreYouSureBottomSheet.nib
2023-08-28 12:03:35 +0000  copying file ./TransactionSentViewController.nib ... 
2023-08-28 12:03:35 +0000  9009 bytes for ./TransactionSentViewController.nib
2023-08-28 12:03:35 +0000  copying file ./AuthViewController.nib ... 
2023-08-28 12:03:35 +0000  12064 bytes for ./AuthViewController.nib
2023-08-28 12:03:35 +0000  copying file ./GoogleService-Info.moveo.plist ... 
2023-08-28 12:03:35 +0000  669 bytes for ./GoogleService-Info.moveo.plist
2023-08-28 12:03:35 +0000  copying file ./FeeRateViewController.nib ... 
2023-08-28 12:03:35 +0000  6619 bytes for ./FeeRateViewController.nib
2023-08-28 12:03:35 +0000  copying file ./Roboto-Regular.ttf ... 
2023-08-28 12:03:35 +0000  168260 bytes for ./Roboto-Regular.ttf
2023-08-28 12:03:35 +0000  copying file ./AppIcon60x60@2x.png ... 
2023-08-28 12:03:35 +0000  3075 bytes for ./AppIcon60x60@2x.png
2023-08-28 12:03:35 +0000  copying file ./ApproveViewController.nib ... 
2023-08-28 12:03:35 +0000  10292 bytes for ./ApproveViewController.nib
2023-08-28 12:03:35 +0000  copying file ./TransferDetailsViewController.nib ... 
2023-08-28 12:03:35 +0000  17095 bytes for ./TransferDetailsViewController.nib
2023-08-28 12:03:35 +0000  copying file ./GoogleBackUp-Info.plist ... 
2023-08-28 12:03:35 +0000  150 bytes for ./GoogleBackUp-Info.plist
2023-08-28 12:03:35 +0000  copying file ./Inter-Bold.ttf ... 
2023-08-28 12:03:35 +0000  715204 bytes for ./Inter-Bold.ttf
2023-08-28 12:03:35 +0000  copying file ./FeeRateCell.nib ... 
2023-08-28 12:03:35 +0000  4308 bytes for ./FeeRateCell.nib
2023-08-28 12:03:35 +0000  copying file ./BackupStatusViewController.nib ... 
2023-08-28 12:03:35 +0000  6604 bytes for ./BackupStatusViewController.nib
2023-08-28 12:03:35 +0000  copying file ./BackupViewController.nib ... 
2023-08-28 12:03:35 +0000  6434 bytes for ./BackupViewController.nib
2023-08-28 12:03:35 +0000  copying file ./GoogleService-Info.plist ... 
2023-08-28 12:03:35 +0000  781 bytes for ./GoogleService-Info.plist
2023-08-28 12:03:35 +0000  copying file ./TransferCell.nib ... 
2023-08-28 12:03:35 +0000  9705 bytes for ./TransferCell.nib
2023-08-28 12:03:35 +0000  copying file ./Base.lproj/Main.storyboardc/Info.plist ... 
2023-08-28 12:03:35 +0000  276 bytes for ./Base.lproj/Main.storyboardc/Info.plist
2023-08-28 12:03:35 +0000  copying file ./Base.lproj/Main.storyboardc/UINavigationController-NRc-Ju-yYv.nib ... 
2023-08-28 12:03:35 +0000  1211 bytes for ./Base.lproj/Main.storyboardc/UINavigationController-NRc-Ju-yYv.nib
2023-08-28 12:03:35 +0000  copying file ./Base.lproj/LaunchScreen.storyboardc/01J-lp-oVM-view-Ze5-6b-2t3.nib ... 
2023-08-28 12:03:35 +0000  1197 bytes for ./Base.lproj/LaunchScreen.storyboardc/01J-lp-oVM-view-Ze5-6b-2t3.nib
2023-08-28 12:03:35 +0000  copying file ./Base.lproj/LaunchScreen.storyboardc/UIViewController-01J-lp-oVM.nib ... 
2023-08-28 12:03:35 +0000  896 bytes for ./Base.lproj/LaunchScreen.storyboardc/UIViewController-01J-lp-oVM.nib
2023-08-28 12:03:35 +0000  copying file ./Base.lproj/LaunchScreen.storyboardc/Info.plist ... 
2023-08-28 12:03:35 +0000  258 bytes for ./Base.lproj/LaunchScreen.storyboardc/Info.plist
2023-08-28 12:03:35 +0000  copying file ./Inter-Regular.ttf ... 
2023-08-28 12:03:35 +0000  680240 bytes for ./Inter-Regular.ttf
2023-08-28 12:03:35 +0000  copying file ./ChooseAssetViewController.nib ... 
2023-08-28 12:03:35 +0000  5630 bytes for ./ChooseAssetViewController.nib
2023-08-28 12:03:35 +0000  copying file ./Localizable.strings ... 
2023-08-28 12:03:35 +0000  4538 bytes for ./Localizable.strings
2023-08-28 12:03:35 +0000  copying file ./QRCodeScannerViewController.nib ... 
2023-08-28 12:03:35 +0000  7697 bytes for ./QRCodeScannerViewController.nib
2023-08-28 12:03:35 +0000  copying file ./Assets.car ... 
2023-08-28 12:03:35 +0000  329752 bytes for ./Assets.car
2023-08-28 12:03:35 +0000  copying file ./ReceiveViewController.nib ... 
2023-08-28 12:03:35 +0000  12197 bytes for ./ReceiveViewController.nib
2023-08-28 12:03:35 +0000  copying file ./AppIcon76x76@2x~ipad.png ... 
2023-08-28 12:03:35 +0000  3821 bytes for ./AppIcon76x76@2x~ipad.png
2023-08-28 12:03:35 +0000  copying file ./BackupDetailsViewController.nib ... 
2023-08-28 12:03:35 +0000  8283 bytes for ./BackupDetailsViewController.nib
2023-08-28 12:03:35 +0000  copying file ./AmountToSendViewController.nib ... 
2023-08-28 12:03:35 +0000  17251 bytes for ./AmountToSendViewController.nib
2023-08-28 12:03:35 +0000  copying file ./TransfersViewController.nib ... 
2023-08-28 12:03:35 +0000  7243 bytes for ./TransfersViewController.nib
2023-08-28 12:03:35 +0000  copying file ./MpcKeysViewController.nib ... 
2023-08-28 12:03:35 +0000  8166 bytes for ./MpcKeysViewController.nib
2023-08-28 12:03:35 +0000  copying file ./Frameworks/libswift_Concurrency.dylib ... 
2023-08-28 12:03:35 +0000  557584 bytes for ./Frameworks/libswift_Concurrency.dylib
2023-08-28 12:03:35 +0000  copying file ./Frameworks/FireblocksSDK.framework/_CodeSignature/CodeResources ... 
2023-08-28 12:03:35 +0000  4792 bytes for ./Frameworks/FireblocksSDK.framework/_CodeSignature/CodeResources
2023-08-28 12:03:35 +0000  copying file ./Frameworks/FireblocksSDK.framework/production.plist ... 
2023-08-28 12:03:35 +0000  4315 bytes for ./Frameworks/FireblocksSDK.framework/production.plist
2023-08-28 12:03:35 +0000  copying file ./Frameworks/FireblocksSDK.framework/FireblocksSDK ... 
2023-08-28 12:03:35 +0000  5703808 bytes for ./Frameworks/FireblocksSDK.framework/FireblocksSDK
2023-08-28 12:03:35 +0000  copying file ./Frameworks/FireblocksSDK.framework/eu2.plist ... 
4324 bytes for ./Frameworks/FireblocksSDK.framework/eu2.plist
copying file ./Frameworks/FireblocksSDK.framework/eu.plist ... 
2023-08-28 12:03:35 +0000  4319 bytes for ./Frameworks/FireblocksSDK.framework/eu.plist
2023-08-28 12:03:35 +0000  copying file ./Frameworks/FireblocksSDK.framework/sandbox.plist ... 
2023-08-28 12:03:35 +0000  4324 bytes for ./Frameworks/FireblocksSDK.framework/sandbox.plist
2023-08-28 12:03:35 +0000  copying file ./Frameworks/FireblocksSDK.framework/Frameworks/MPCFBFramework.framework/_CodeSignature/CodeResources ... 
2023-08-28 12:03:35 +0000  1798 bytes for ./Frameworks/FireblocksSDK.framework/Frameworks/MPCFBFramework.framework/_CodeSignature/CodeResources
2023-08-28 12:03:35 +0000  copying file ./Frameworks/FireblocksSDK.framework/Frameworks/MPCFBFramework.framework/_CodeSignature/CodeDirectory ... 
2023-08-28 12:03:35 +0000  188 bytes for ./Frameworks/FireblocksSDK.framework/Frameworks/MPCFBFramework.framework/_CodeSignature/CodeDirectory
2023-08-28 12:03:35 +0000  copying file ./Frameworks/FireblocksSDK.framework/Frameworks/MPCFBFramework.framework/_CodeSignature/CodeRequirements-1 ... 
2023-08-28 12:03:35 +0000  236 bytes for ./Frameworks/FireblocksSDK.framework/Frameworks/MPCFBFramework.framework/_CodeSignature/CodeRequirements-1
2023-08-28 12:03:35 +0000  copying file ./Frameworks/FireblocksSDK.framework/Frameworks/MPCFBFramework.framework/_CodeSignature/CodeSignature ... 
2023-08-28 12:03:35 +0000  4868 bytes for ./Frameworks/FireblocksSDK.framework/Frameworks/MPCFBFramework.framework/_CodeSignature/CodeSignature
2023-08-28 12:03:35 +0000  copying file ./Frameworks/FireblocksSDK.framework/Frameworks/MPCFBFramework.framework/_CodeSignature/CodeRequirements ... 
2023-08-28 12:03:35 +0000  208 bytes for ./Frameworks/FireblocksSDK.framework/Frameworks/MPCFBFramework.framework/_CodeSignature/CodeRequirements
2023-08-28 12:03:35 +0000  copying file ./Frameworks/FireblocksSDK.framework/Frameworks/MPCFBFramework.framework/MPCFBFramework ... 
2023-08-28 12:03:35 +0000  8900520 bytes for ./Frameworks/FireblocksSDK.framework/Frameworks/MPCFBFramework.framework/MPCFBFramework
2023-08-28 12:03:35 +0000  copying file ./Frameworks/FireblocksSDK.framework/Frameworks/MPCFBFramework.framework/Info.plist ... 
2023-08-28 12:03:35 +0000  782 bytes for ./Frameworks/FireblocksSDK.framework/Frameworks/MPCFBFramework.framework/Info.plist
2023-08-28 12:03:35 +0000  copying file ./Frameworks/FireblocksSDK.framework/Info.plist ... 
2023-08-28 12:03:35 +0000  762 bytes for ./Frameworks/FireblocksSDK.framework/Info.plist
2023-08-28 12:03:35 +0000  copying file ./SendToViewController.nib ... 
2023-08-28 12:03:35 +0000  8810 bytes for ./SendToViewController.nib
2023-08-28 12:03:35 +0000  copying file ./embedded.mobileprovision ... 
2023-08-28 12:03:35 +0000  45254 bytes for ./embedded.mobileprovision
2023-08-28 12:03:35 +0000  copying file ./Roboto-Bold.ttf ... 
2023-08-28 12:03:35 +0000  167336 bytes for ./Roboto-Bold.ttf
2023-08-28 12:03:35 +0000  copying file ./TakeoverViewController.nib ... 
2023-08-28 12:03:35 +0000  7426 bytes for ./TakeoverViewController.nib
2023-08-28 12:03:35 +0000  copying file ./SettingsViewController.nib ... 
2023-08-28 12:03:35 +0000  10950 bytes for ./SettingsViewController.nib
2023-08-28 12:03:35 +0000  copying file ./Info.plist ... 
2023-08-28 12:03:35 +0000  2503 bytes for ./Info.plist
2023-08-28 12:03:35 +0000  copying file ./NCW-sandbox ... 
2023-08-28 12:03:35 +0000  16818048 bytes for ./NCW-sandbox
2023-08-28 12:03:35 +0000  copying file ./AdvancedInfoViewController.nib ... 
2023-08-28 12:03:35 +0000  4441 bytes for ./AdvancedInfoViewController.nib
2023-08-28 12:03:35 +0000  copying file ./PkgInfo ... 
2023-08-28 12:03:35 +0000  8 bytes for ./PkgInfo
2023-08-28 12:03:35 +0000  /usr/bin/ditto exited with 0
2023-08-28 12:03:35 +0000  Processing step: IDEDistributionEmbedProfileStep
2023-08-28 12:03:35 +0000  Skipping profile for item: <IDEDistributionItem: 0x2e4bcb150; bundleID='com.fireblocks.Fireblocks', path='<DVTFilePath:0x518dccc30:'/Users/dudishani-gabay/Library/Developer/Xcode/Archives/2023-08-28/NCW-sandbox 28-08-2023, 15.03.xcarchive/Products/Applications/NCW-sandbox.app/Frameworks/FireblocksSDK.framework'>', codeSigningInfo='<_DVTCodeSigningInformation_Path: 0x50a4449a0; isSigned='1', isAdHocSigned='0', signingCertificate='<DVTSigningCertificate: 0x51a2958d0; name='Apple Development: Dudi Shani-Gabay (QK7NGWU29X)', hash='0D81B602E1BFF59A3C1C9ACDAB42025F80B46A7F', serialNumber='4CB5A12505EE29835B4BBE3506DBE17C', certificateKinds='(
    "1.2.840.113635.100.6.1.12",
    "1.2.840.113635.100.6.1.2"
), issueDate='2023-06-17 10:55:48 +0000''>', entitlements='(null)', teamID='2HS962GC9R', identifier='com.fireblocks.Fireblocks', executablePath='<DVTFilePath:0x51bbee330:'/Users/dudishani-gabay/Library/Developer/Xcode/Archives/2023-08-28/NCW-sandbox 28-08-2023, 15.03.xcarchive/Products/Applications/NCW-sandbox.app/Frameworks/FireblocksSDK.framework/FireblocksSDK'>', hardenedRuntime='0'>'>
2023-08-28 12:03:35 +0000  Skipping profile for item: <IDEDistributionItem: 0x507b8ff40; bundleID='com.apple.dt.runtime.swiftConcurrency', path='<DVTFilePath:0x5049c0fb0:'/Users/dudishani-gabay/Library/Developer/Xcode/Archives/2023-08-28/NCW-sandbox 28-08-2023, 15.03.xcarchive/Products/Applications/NCW-sandbox.app/Frameworks/libswift_Concurrency.dylib'>', codeSigningInfo='<_DVTCodeSigningInformation_Path: 0x503fd4ab0; isSigned='1', isAdHocSigned='0', signingCertificate='<DVTSigningCertificate: 0x518e0ed40; name='Apple Development: Dudi Shani-Gabay (QK7NGWU29X)', hash='0D81B602E1BFF59A3C1C9ACDAB42025F80B46A7F', serialNumber='4CB5A12505EE29835B4BBE3506DBE17C', certificateKinds='(
    "1.2.840.113635.100.6.1.12",
    "1.2.840.113635.100.6.1.2"
), issueDate='2023-06-17 10:55:48 +0000''>', entitlements='(null)', teamID='2HS962GC9R', identifier='com.apple.dt.runtime.swiftConcurrency', executablePath='<DVTFilePath:0x5049c0fb0:'/Users/dudishani-gabay/Library/Developer/Xcode/Archives/2023-08-28/NCW-sandbox 28-08-2023, 15.03.xcarchive/Products/Applications/NCW-sandbox.app/Frameworks/libswift_Concurrency.dylib'>', hardenedRuntime='0'>'>
2023-08-28 12:03:35 +0000  Processing step: IDEDistributionInfoPlistStep
2023-08-28 12:03:35 +0000  Skipping setting DTXcodeBuildDistribution because toolsBuildVersionName was nil.
2023-08-28 12:03:35 +0000  No Info.plist file URL found for item at path "/var/folders/fd/zvs9w5pd0kb7c1l_sjbgqwfm0000gq/T/XcodeDistPipeline.~~~o24rsI/Root/Payload/NCW-sandbox.app/Frameworks/libswift_Concurrency.dylib".
2023-08-28 12:03:35 +0000  Skipping setting DTXcodeBuildDistribution because toolsBuildVersionName was nil.
2023-08-28 12:03:35 +0000  Processing step: IDEDistributionItemRemovalStep
2023-08-28 12:03:35 +0000  Processing step: IDEDistributionAppThinningPlistStep
2023-08-28 12:03:35 +0000  Skipping step: IDEDistributionAppThinningPlistStep because it said so
2023-08-28 12:03:35 +0000  Processing step: IDEDistributionCompileBitcodeStep
2023-08-28 12:03:35 +0000  Skipping step: IDEDistributionCompileBitcodeStep because it said so
2023-08-28 12:03:35 +0000  Processing step: IDEDistributionCodeSlimmingStep
2023-08-28 12:03:35 +0000  Processing step: IDEDistributionCopyBCSymbolMapsStep
2023-08-28 12:03:35 +0000  Processing step: IDEDistributionSymbolsStep
2023-08-28 12:03:35 +0000  Processing symbols for FireblocksSDK.framework
2023-08-28 12:03:35 +0000  Running /usr/bin/rsync '-8aPhhE' '/var/folders/fd/zvs9w5pd0kb7c1l_sjbgqwfm0000gq/T/XcodeDistPipeline.~~~o24rsI/Root/Payload/NCW-sandbox.app/Frameworks/FireblocksSDK.framework' '--link-dest' '/var/folders/fd/zvs9w5pd0kb7c1l_sjbgqwfm0000gq/T/XcodeDistPipeline.~~~o24rsI/Root/Payload/NCW-sandbox.app/Frameworks' '/var/folders/fd/zvs9w5pd0kb7c1l_sjbgqwfm0000gq/T/XcodeDistPipeline.~~~o24rsI'
2023-08-28 12:03:35 +0000  building file list ... 
2023-08-28 12:03:35 +0000   0 files...2023-08-28 12:03:35 +0000  19 files to consider
2023-08-28 12:03:35 +0000  FireblocksSDK.framework/
2023-08-28 12:03:35 +0000  FireblocksSDK.framework/Frameworks/
FireblocksSDK.framework/Frameworks/MPCFBFramework.framework/
FireblocksSDK.framework/Frameworks/MPCFBFramework.framework/_CodeSignature/
rsync: link "/var/folders/fd/zvs9w5pd0kb7c1l_sjbgqwfm0000gq/T/XcodeDistPipeline.~~~o24rsI/FireblocksSDK.framework/Frameworks/MPCFBFramework.framework/_CodeSignature/CodeDirectory" => /var/folders/fd/zvs9w5pd0kb7c1l_sjbgqwfm0000gq/T/XcodeDistPipeline.~~~o24rsI/Root/Payload/NCW-sandbox.app/Frameworks/FireblocksSDK.framework/Frameworks/MPCFBFramework.framework/_CodeSignature/CodeDirectory failed: Operation not permitted (1)
2023-08-28 12:03:35 +0000  FireblocksSDK.framework/Frameworks/MPCFBFramework.framework/_CodeSignature/CodeDirectory
rsync: link "/var/folders/fd/zvs9w5pd0kb7c1l_sjbgqwfm0000gq/T/XcodeDistPipeline.~~~o24rsI/FireblocksSDK.framework/Frameworks/MPCFBFramework.framework/_CodeSignature/CodeRequirements" => /var/folders/fd/zvs9w5pd0kb7c1l_sjbgqwfm0000gq/T/XcodeDistPipeline.~~~o24rsI/Root/Payload/NCW-sandbox.app/Frameworks/FireblocksSDK.framework/Frameworks/MPCFBFramework.framework/_CodeSignature/CodeRequirements failed: Operation not permitted (1)
2023-08-28 12:03:35 +0000  FireblocksSDK.framework/Frameworks/MPCFBFramework.framework/_CodeSignature/CodeRequirements
rsync: link "/var/folders/fd/zvs9w5pd0kb7c1l_sjbgqwfm0000gq/T/XcodeDistPipeline.~~~o24rsI/FireblocksSDK.framework/Frameworks/MPCFBFramework.framework/_CodeSignature/CodeRequirements-1" => /var/folders/fd/zvs9w5pd0kb7c1l_sjbgqwfm0000gq/T/XcodeDistPipeline.~~~o24rsI/Root/Payload/NCW-sandbox.app/Frameworks/FireblocksSDK.framework/Frameworks/MPCFBFramework.framework/_CodeSignature/CodeRequirements-1 failed: Operation not permitted (1)
2023-08-28 12:03:35 +0000  FireblocksSDK.framework/Frameworks/MPCFBFramework.framework/_CodeSignature/CodeRequirements-1
rsync: link "/var/folders/fd/zvs9w5pd0kb7c1l_sjbgqwfm0000gq/T/XcodeDistPipeline.~~~o24rsI/FireblocksSDK.framework/Frameworks/MPCFBFramework.framework/_CodeSignature/CodeResources" => /var/folders/fd/zvs9w5pd0kb7c1l_sjbgqwfm0000gq/T/XcodeDistPipeline.~~~o24rsI/Root/Payload/NCW-sandbox.app/Frameworks/FireblocksSDK.framework/Frameworks/MPCFBFramework.framework/_CodeSignature/CodeResources failed: Operation not permitted (1)
2023-08-28 12:03:35 +0000  FireblocksSDK.framework/Frameworks/MPCFBFramework.framework/_CodeSignature/CodeResources
rsync: link "/var/folders/fd/zvs9w5pd0kb7c1l_sjbgqwfm0000gq/T/XcodeDistPipeline.~~~o24rsI/FireblocksSDK.framework/Frameworks/MPCFBFramework.framework/_CodeSignature/CodeSignature" => /var/folders/fd/zvs9w5pd0kb7c1l_sjbgqwfm0000gq/T/XcodeDistPipeline.~~~o24rsI/Root/Payload/NCW-sandbox.app/Frameworks/FireblocksSDK.framework/Frameworks/MPCFBFramework.framework/_CodeSignature/CodeSignature failed: Operation not permitted (1)
2023-08-28 12:03:35 +0000  FireblocksSDK.framework/Frameworks/MPCFBFramework.framework/_CodeSignature/CodeSignature
FireblocksSDK.framework/_CodeSignature/
2023-08-28 12:03:35 +0000  rsync: link "/var/folders/fd/zvs9w5pd0kb7c1l_sjbgqwfm0000gq/T/XcodeDistPipeline.~~~o24rsI/FireblocksSDK.framework/_CodeSignature/CodeResources" => /var/folders/fd/zvs9w5pd0kb7c1l_sjbgqwfm0000gq/T/XcodeDistPipeline.~~~o24rsI/Root/Payload/NCW-sandbox.app/Frameworks/FireblocksSDK.framework/_CodeSignature/CodeResources failed: Operation not permitted (1)
2023-08-28 12:03:35 +0000  FireblocksSDK.framework/_CodeSignature/CodeResources
2023-08-28 12:03:35 +0000  
2023-08-28 12:03:35 +0000  sent 649 bytes  received 86 bytes  1.44K bytes/sec
total size is 13.96M  speedup is 19911.90
2023-08-28 12:03:35 +0000  /usr/bin/rsync exited with 0
2023-08-28 12:03:35 +0000  Running /usr/bin/rsync '-8aPhhE' '/Users/dudishani-gabay/Library/Developer/Xcode/Archives/2023-08-28/NCW-sandbox 28-08-2023, 15.03.xcarchive/dSYMs/' '--link-dest' '/Users/dudishani-gabay/Library/Developer/Xcode/Archives/2023-08-28/NCW-sandbox 28-08-2023, 15.03.xcarchive/dSYMs/' '/var/folders/fd/zvs9w5pd0kb7c1l_sjbgqwfm0000gq/T/XcodeDistPipeline.~~~o24rsI'
2023-08-28 12:03:35 +0000  building file list ... 
2023-08-28 12:03:35 +0000   0 files...2023-08-28 12:03:35 +0000  1 file to consider
2023-08-28 12:03:35 +0000  ./
2023-08-28 12:03:35 +0000  
2023-08-28 12:03:35 +0000  sent 89 bytes  received 26 bytes  230.00 bytes/sec
total size is 0  speedup is 0.00
2023-08-28 12:03:35 +0000  /usr/bin/rsync exited with 0
2023-08-28 12:03:35 +0000  Writing /var/folders/fd/zvs9w5pd0kb7c1l_sjbgqwfm0000gq/T/XcodeDistPipeline.~~~o24rsI/Symbols/983506EE-A406-3EA5-94D0-76797791DFD5.symbols
2023-08-28 12:03:35 +0000  Excluding symbols for libswift_Concurrency.dylib
2023-08-28 12:03:35 +0000  Processing symbols for NCW-sandbox.app
2023-08-28 12:03:35 +0000  Running /usr/bin/rsync '-8aPhhE' '/var/folders/fd/zvs9w5pd0kb7c1l_sjbgqwfm0000gq/T/XcodeDistPipeline.~~~o24rsI/Root/Payload/NCW-sandbox.app' '--link-dest' '/var/folders/fd/zvs9w5pd0kb7c1l_sjbgqwfm0000gq/T/XcodeDistPipeline.~~~o24rsI/Root/Payload' '/var/folders/fd/zvs9w5pd0kb7c1l_sjbgqwfm0000gq/T/XcodeDistPipeline.~~~o24rsI'
2023-08-28 12:03:35 +0000  building file list ... 
2023-08-28 12:03:35 +0000   0 files...2023-08-28 12:03:36 +0000   100 files...2023-08-28 12:03:36 +0000  156 files to consider
2023-08-28 12:03:36 +0000  NCW-sandbox.app/
2023-08-28 12:03:36 +0000  NCW-sandbox.app/Base.lproj/
NCW-sandbox.app/Base.lproj/LaunchScreen.storyboardc/
NCW-sandbox.app/Base.lproj/Main.storyboardc/
NCW-sandbox.app/Frameworks/
NCW-sandbox.app/Frameworks/FireblocksSDK.framework/
NCW-sandbox.app/Frameworks/FireblocksSDK.framework/Frameworks/
NCW-sandbox.app/Frameworks/FireblocksSDK.framework/Frameworks/MPCFBFramework.framework/
2023-08-28 12:03:36 +0000  NCW-sandbox.app/Frameworks/FireblocksSDK.framework/Frameworks/MPCFBFramework.framework/_CodeSignature/
NCW-sandbox.app/Frameworks/FireblocksSDK.framework/_CodeSignature/
NCW-sandbox.app/GoogleSignIn_GoogleSignIn.bundle/
NCW-sandbox.app/GoogleSignIn_GoogleSignIn.bundle/ar.lproj/
NCW-sandbox.app/GoogleSignIn_GoogleSignIn.bundle/ca.lproj/
NCW-sandbox.app/GoogleSignIn_GoogleSignIn.bundle/cs.lproj/
NCW-sandbox.app/GoogleSignIn_GoogleSignIn.bundle/da.lproj/
NCW-sandbox.app/GoogleSignIn_GoogleSignIn.bundle/de.lproj/
NCW-sandbox.app/GoogleSignIn_GoogleSignIn.bundle/el.lproj/
NCW-sandbox.app/GoogleSignIn_GoogleSignIn.bundle/en.lproj/
NCW-sandbox.app/GoogleSignIn_GoogleSignIn.bundle/en_GB.lproj/
NCW-sandbox.app/GoogleSignIn_GoogleSignIn.bundle/es.lproj/
NCW-sandbox.app/GoogleSignIn_GoogleSignIn.bundle/es_MX.lproj/
NCW-sandbox.app/GoogleSignIn_GoogleSignIn.bundle/fi.lproj/
NCW-sandbox.app/GoogleSignIn_GoogleSignIn.bundle/fr.lproj/
NCW-sandbox.app/GoogleSignIn_GoogleSignIn.bundle/fr_CA.lproj/
NCW-sandbox.app/GoogleSignIn_GoogleSignIn.bundle/he.lproj/
NCW-sandbox.app/GoogleSignIn_GoogleSignIn.bundle/hi.lproj/
NCW-sandbox.app/GoogleSignIn_GoogleSignIn.bundle/hr.lproj/
NCW-sandbox.app/GoogleSignIn_GoogleSignIn.bundle/hu.lproj/
NCW-sandbox.app/GoogleSignIn_GoogleSignIn.bundle/id.lproj/
NCW-sandbox.app/GoogleSignIn_GoogleSignIn.bundle/it.lproj/
NCW-sandbox.app/GoogleSignIn_GoogleSignIn.bundle/ja.lproj/
NCW-sandbox.app/GoogleSignIn_GoogleSignIn.bundle/ko.lproj/
NCW-sandbox.app/GoogleSignIn_GoogleSignIn.bundle/ms.lproj/
NCW-sandbox.app/GoogleSignIn_GoogleSignIn.bundle/nb.lproj/
NCW-sandbox.app/GoogleSignIn_GoogleSignIn.bundle/nl.lproj/
NCW-sandbox.app/GoogleSignIn_GoogleSignIn.bundle/pl.lproj/
NCW-sandbox.app/GoogleSignIn_GoogleSignIn.bundle/pt.lproj/
NCW-sandbox.app/GoogleSignIn_GoogleSignIn.bundle/pt_BR.lproj/
NCW-sandbox.app/GoogleSignIn_GoogleSignIn.bundle/pt_PT.lproj/
NCW-sandbox.app/GoogleSignIn_GoogleSignIn.bundle/ro.lproj/
NCW-sandbox.app/GoogleSignIn_GoogleSignIn.bundle/ru.lproj/
NCW-sandbox.app/GoogleSignIn_GoogleSignIn.bundle/sk.lproj/
NCW-sandbox.app/GoogleSignIn_GoogleSignIn.bundle/sv.lproj/
NCW-sandbox.app/GoogleSignIn_GoogleSignIn.bundle/th.lproj/
NCW-sandbox.app/GoogleSignIn_GoogleSignIn.bundle/tr.lproj/
NCW-sandbox.app/GoogleSignIn_GoogleSignIn.bundle/uk.lproj/
NCW-sandbox.app/GoogleSignIn_GoogleSignIn.bundle/vi.lproj/
NCW-sandbox.app/GoogleSignIn_GoogleSignIn.bundle/zh_CN.lproj/
NCW-sandbox.app/GoogleSignIn_GoogleSignIn.bundle/zh_TW.lproj/
NCW-sandbox.app/_CodeSignature/
2023-08-28 12:03:36 +0000  
sent 4.91K bytes  received 320 bytes  3.48K bytes/sec
total size is 33.78M  speedup is 6630.11
2023-08-28 12:03:36 +0000  /usr/bin/rsync exited with 0
2023-08-28 12:03:36 +0000  Running /usr/bin/rsync '-8aPhhE' '/Users/dudishani-gabay/Library/Developer/Xcode/Archives/2023-08-28/NCW-sandbox 28-08-2023, 15.03.xcarchive/dSYMs/' '--link-dest' '/Users/dudishani-gabay/Library/Developer/Xcode/Archives/2023-08-28/NCW-sandbox 28-08-2023, 15.03.xcarchive/dSYMs/' '/var/folders/fd/zvs9w5pd0kb7c1l_sjbgqwfm0000gq/T/XcodeDistPipeline.~~~o24rsI'
2023-08-28 12:03:36 +0000  building file list ... 
2023-08-28 12:03:36 +0000   0 files...2023-08-28 12:03:36 +0000  1 file to consider
2023-08-28 12:03:36 +0000  ./
2023-08-28 12:03:36 +0000  
2023-08-28 12:03:36 +0000  sent 89 bytes  received 26 bytes  230.00 bytes/sec
total size is 0  speedup is 0.00
2023-08-28 12:03:36 +0000  /usr/bin/rsync exited with 0
2023-08-28 12:03:36 +0000  Writing /var/folders/fd/zvs9w5pd0kb7c1l_sjbgqwfm0000gq/T/XcodeDistPipeline.~~~o24rsI/Symbols/37C9BE2A-6B53-38E8-98C1-A58454FCFCC9.symbols
2023-08-28 12:03:36 +0000  Processing step: IDEDistributionCopyAppleProvidedContentStep
2023-08-28 12:03:36 +0000  Running /usr/bin/ditto '-V' '/Users/dudishani-gabay/Library/Developer/Xcode/Archives/2023-08-28/NCW-sandbox 28-08-2023, 15.03.xcarchive/SwiftSupport' '/var/folders/fd/zvs9w5pd0kb7c1l_sjbgqwfm0000gq/T/XcodeDistPipeline.~~~o24rsI/Root/SwiftSupport'
2023-08-28 12:03:36 +0000  >>> Copying /Users/dudishani-gabay/Library/Developer/Xcode/Archives/2023-08-28/NCW-sandbox 28-08-2023, 15.03.xcarchive/SwiftSupport 
2023-08-28 12:03:36 +0000  copying file ./iphoneos/libswift_Concurrency.dylib ... 
2023-08-28 12:03:36 +0000  10535439 bytes for ./iphoneos/libswift_Concurrency.dylib
2023-08-28 12:03:36 +0000  /usr/bin/ditto exited with 0
2023-08-28 12:03:36 +0000  Processing step: IDEDistributionAppThinningStep
2023-08-28 12:03:36 +0000  Skipping step: IDEDistributionAppThinningStep because it said so
2023-08-28 12:03:36 +0000  Processing step: IDEDistributionArchThinningStep
2023-08-28 12:03:36 +0000  Running /Applications/Xcode.app/Contents/Developer/Toolchains/XcodeDefault.xctoolchain/usr/bin/lipo '/var/folders/fd/zvs9w5pd0kb7c1l_sjbgqwfm0000gq/T/XcodeDistPipeline.~~~o24rsI/Root/Payload/NCW-sandbox.app/Frameworks/FireblocksSDK.framework/FireblocksSDK' '-verify_arch' 'arm64e'
2023-08-28 12:03:36 +0000  /Applications/Xcode.app/Contents/Developer/Toolchains/XcodeDefault.xctoolchain/usr/bin/lipo exited with 1
2023-08-28 12:03:36 +0000  Skipping architecture thinning for item "FireblocksSDK" because arch "arm64e" wasn't found
2023-08-28 12:03:36 +0000  Running /Applications/Xcode.app/Contents/Developer/Toolchains/XcodeDefault.xctoolchain/usr/bin/lipo '/var/folders/fd/zvs9w5pd0kb7c1l_sjbgqwfm0000gq/T/XcodeDistPipeline.~~~o24rsI/Root/Payload/NCW-sandbox.app/Frameworks/libswift_Concurrency.dylib' '-verify_arch' 'arm64e'
2023-08-28 12:03:36 +0000  /Applications/Xcode.app/Contents/Developer/Toolchains/XcodeDefault.xctoolchain/usr/bin/lipo exited with 1
2023-08-28 12:03:36 +0000  Skipping architecture thinning for item "libswift_Concurrency.dylib" because arch "arm64e" wasn't found
2023-08-28 12:03:36 +0000  Running /Applications/Xcode.app/Contents/Developer/Toolchains/XcodeDefault.xctoolchain/usr/bin/lipo '/var/folders/fd/zvs9w5pd0kb7c1l_sjbgqwfm0000gq/T/XcodeDistPipeline.~~~o24rsI/Root/Payload/NCW-sandbox.app/NCW-sandbox' '-verify_arch' 'arm64e'
2023-08-28 12:03:36 +0000  /Applications/Xcode.app/Contents/Developer/Toolchains/XcodeDefault.xctoolchain/usr/bin/lipo exited with 1
2023-08-28 12:03:36 +0000  Skipping architecture thinning for item "NCW-sandbox" because arch "arm64e" wasn't found
2023-08-28 12:03:36 +0000  Processing step: IDEDistributionODRStep
2023-08-28 12:03:36 +0000  Processing step: IDEDistributionStripXattrsStep
2023-08-28 12:03:36 +0000  Skipping stripping extended attributes of item: <IDEDistributionItem: 0x2e4bcb150; bundleID='com.fireblocks.Fireblocks', path='<DVTFilePath:0x518dccc30:'/Users/dudishani-gabay/Library/Developer/Xcode/Archives/2023-08-28/NCW-sandbox 28-08-2023, 15.03.xcarchive/Products/Applications/NCW-sandbox.app/Frameworks/FireblocksSDK.framework'>', codeSigningInfo='<_DVTCodeSigningInformation_Path: 0x50a4449a0; isSigned='1', isAdHocSigned='0', signingCertificate='<DVTSigningCertificate: 0x50515bde0; name='Apple Development: Dudi Shani-Gabay (QK7NGWU29X)', hash='0D81B602E1BFF59A3C1C9ACDAB42025F80B46A7F', serialNumber='4CB5A12505EE29835B4BBE3506DBE17C', certificateKinds='(
    "1.2.840.113635.100.6.1.12",
    "1.2.840.113635.100.6.1.2"
), issueDate='2023-06-17 10:55:48 +0000''>', entitlements='(null)', teamID='2HS962GC9R', identifier='com.fireblocks.Fireblocks', executablePath='<DVTFilePath:0x51bbee330:'/Users/dudishani-gabay/Library/Developer/Xcode/Archives/2023-08-28/NCW-sandbox 28-08-2023, 15.03.xcarchive/Products/Applications/NCW-sandbox.app/Frameworks/FireblocksSDK.framework/FireblocksSDK'>', hardenedRuntime='0'>'>
2023-08-28 12:03:36 +0000  Skipping stripping extended attributes of item: <IDEDistributionItem: 0x507b8ff40; bundleID='com.apple.dt.runtime.swiftConcurrency', path='<DVTFilePath:0x5049c0fb0:'/Users/dudishani-gabay/Library/Developer/Xcode/Archives/2023-08-28/NCW-sandbox 28-08-2023, 15.03.xcarchive/Products/Applications/NCW-sandbox.app/Frameworks/libswift_Concurrency.dylib'>', codeSigningInfo='<_DVTCodeSigningInformation_Path: 0x503fd4ab0; isSigned='1', isAdHocSigned='0', signingCertificate='<DVTSigningCertificate: 0x51ab5eaf0; name='Apple Development: Dudi Shani-Gabay (QK7NGWU29X)', hash='0D81B602E1BFF59A3C1C9ACDAB42025F80B46A7F', serialNumber='4CB5A12505EE29835B4BBE3506DBE17C', certificateKinds='(
    "1.2.840.113635.100.6.1.12",
    "1.2.840.113635.100.6.1.2"
), issueDate='2023-06-17 10:55:48 +0000''>', entitlements='(null)', teamID='2HS962GC9R', identifier='com.apple.dt.runtime.swiftConcurrency', executablePath='<DVTFilePath:0x5049c0fb0:'/Users/dudishani-gabay/Library/Developer/Xcode/Archives/2023-08-28/NCW-sandbox 28-08-2023, 15.03.xcarchive/Products/Applications/NCW-sandbox.app/Frameworks/libswift_Concurrency.dylib'>', hardenedRuntime='0'>'>
2023-08-28 12:03:36 +0000  Running /usr/bin/xattr '-crs' '/var/folders/fd/zvs9w5pd0kb7c1l_sjbgqwfm0000gq/T/XcodeDistPipeline.~~~o24rsI/Root/Payload/NCW-sandbox.app'
2023-08-28 12:03:36 +0000  /usr/bin/xattr exited with 0
2023-08-28 12:03:36 +0000  Processing step: IDEDistributionCodesignStep
2023-08-28 12:03:36 +0000  Entitlements for <IDEDistributionItem: 0x2e4bcb150; bundleID='com.fireblocks.Fireblocks', path='<DVTFilePath:0x518dccc30:'/Users/dudishani-gabay/Library/Developer/Xcode/Archives/2023-08-28/NCW-sandbox 28-08-2023, 15.03.xcarchive/Products/Applications/NCW-sandbox.app/Frameworks/FireblocksSDK.framework'>', codeSigningInfo='<_DVTCodeSigningInformation_Path: 0x50a4449a0; isSigned='1', isAdHocSigned='0', signingCertificate='<DVTSigningCertificate: 0x2e4bd14d0; name='Apple Development: Dudi Shani-Gabay (QK7NGWU29X)', hash='0D81B602E1BFF59A3C1C9ACDAB42025F80B46A7F', serialNumber='4CB5A12505EE29835B4BBE3506DBE17C', certificateKinds='(
    "1.2.840.113635.100.6.1.12",
    "1.2.840.113635.100.6.1.2"
), issueDate='2023-06-17 10:55:48 +0000''>', entitlements='(null)', teamID='2HS962GC9R', identifier='com.fireblocks.Fireblocks', executablePath='<DVTFilePath:0x51bbee330:'/Users/dudishani-gabay/Library/Developer/Xcode/Archives/2023-08-28/NCW-sandbox 28-08-2023, 15.03.xcarchive/Products/Applications/NCW-sandbox.app/Frameworks/FireblocksSDK.framework/FireblocksSDK'>', hardenedRuntime='0'>'>: {
}
2023-08-28 12:03:36 +0000  Entitlements for <IDEDistributionItem: 0x2e4bcb150; bundleID='com.fireblocks.Fireblocks', path='<DVTFilePath:0x518dccc30:'/Users/dudishani-gabay/Library/Developer/Xcode/Archives/2023-08-28/NCW-sandbox 28-08-2023, 15.03.xcarchive/Products/Applications/NCW-sandbox.app/Frameworks/FireblocksSDK.framework'>', codeSigningInfo='<_DVTCodeSigningInformation_Path: 0x50a4449a0; isSigned='1', isAdHocSigned='0', signingCertificate='<DVTSigningCertificate: 0x50a4bcc50; name='Apple Development: Dudi Shani-Gabay (QK7NGWU29X)', hash='0D81B602E1BFF59A3C1C9ACDAB42025F80B46A7F', serialNumber='4CB5A12505EE29835B4BBE3506DBE17C', certificateKinds='(
    "1.2.840.113635.100.6.1.12",
    "1.2.840.113635.100.6.1.2"
), issueDate='2023-06-17 10:55:48 +0000''>', entitlements='(null)', teamID='2HS962GC9R', identifier='com.fireblocks.Fireblocks', executablePath='<DVTFilePath:0x51bbee330:'/Users/dudishani-gabay/Library/Developer/Xcode/Archives/2023-08-28/NCW-sandbox 28-08-2023, 15.03.xcarchive/Products/Applications/NCW-sandbox.app/Frameworks/FireblocksSDK.framework/FireblocksSDK'>', hardenedRuntime='0'>'> are: {
}
2023-08-28 12:03:36 +0000  Writing entitlements for <IDEDistributionItem: 0x2e4bcb150; bundleID='com.fireblocks.Fireblocks', path='<DVTFilePath:0x518dccc30:'/Users/dudishani-gabay/Library/Developer/Xcode/Archives/2023-08-28/NCW-sandbox 28-08-2023, 15.03.xcarchive/Products/Applications/NCW-sandbox.app/Frameworks/FireblocksSDK.framework'>', codeSigningInfo='<_DVTCodeSigningInformation_Path: 0x50a4449a0; isSigned='1', isAdHocSigned='0', signingCertificate='<DVTSigningCertificate: 0x5183a9380; name='Apple Development: Dudi Shani-Gabay (QK7NGWU29X)', hash='0D81B602E1BFF59A3C1C9ACDAB42025F80B46A7F', serialNumber='4CB5A12505EE29835B4BBE3506DBE17C', certificateKinds='(
    "1.2.840.113635.100.6.1.12",
    "1.2.840.113635.100.6.1.2"
), issueDate='2023-06-17 10:55:48 +0000''>', entitlements='(null)', teamID='2HS962GC9R', identifier='com.fireblocks.Fireblocks', executablePath='<DVTFilePath:0x51bbee330:'/Users/dudishani-gabay/Library/Developer/Xcode/Archives/2023-08-28/NCW-sandbox 28-08-2023, 15.03.xcarchive/Products/Applications/NCW-sandbox.app/Frameworks/FireblocksSDK.framework/FireblocksSDK'>', hardenedRuntime='0'>'> to: /var/folders/fd/zvs9w5pd0kb7c1l_sjbgqwfm0000gq/T/XcodeDistPipeline.~~~o24rsI/entitlements~~~hUXrnY
2023-08-28 12:03:36 +0000  Running /usr/bin/codesign '-vvv' '--force' '--sign' 'B79374E33D50905B82858F5948CE46FEBCE950E7' '--entitlements' '/var/folders/fd/zvs9w5pd0kb7c1l_sjbgqwfm0000gq/T/XcodeDistPipeline.~~~o24rsI/entitlements~~~hUXrnY' '--generate-entitlement-der' '--preserve-metadata=identifier,flags,runtime' '/var/folders/fd/zvs9w5pd0kb7c1l_sjbgqwfm0000gq/T/XcodeDistPipeline.~~~o24rsI/Root/Payload/NCW-sandbox.app/Frameworks/FireblocksSDK.framework'
2023-08-28 12:03:36 +0000  /var/folders/fd/zvs9w5pd0kb7c1l_sjbgqwfm0000gq/T/XcodeDistPipeline.~~~o24rsI/Root/Payload/NCW-sandbox.app/Frameworks/FireblocksSDK.framework: replacing existing signature
2023-08-28 12:03:36 +0000  /var/folders/fd/zvs9w5pd0kb7c1l_sjbgqwfm0000gq/T/XcodeDistPipeline.~~~o24rsI/Root/Payload/NCW-sandbox.app/Frameworks/FireblocksSDK.framework: signed bundle with Mach-O thin (arm64) [com.fireblocks.Fireblocks]
2023-08-28 12:03:36 +0000  /usr/bin/codesign exited with 0
2023-08-28 12:03:36 +0000  Entitlements for <IDEDistributionItem: 0x507b8ff40; bundleID='com.apple.dt.runtime.swiftConcurrency', path='<DVTFilePath:0x5049c0fb0:'/Users/dudishani-gabay/Library/Developer/Xcode/Archives/2023-08-28/NCW-sandbox 28-08-2023, 15.03.xcarchive/Products/Applications/NCW-sandbox.app/Frameworks/libswift_Concurrency.dylib'>', codeSigningInfo='<_DVTCodeSigningInformation_Path: 0x503fd4ab0; isSigned='1', isAdHocSigned='0', signingCertificate='<DVTSigningCertificate: 0x2e64b3d20; name='Apple Development: Dudi Shani-Gabay (QK7NGWU29X)', hash='0D81B602E1BFF59A3C1C9ACDAB42025F80B46A7F', serialNumber='4CB5A12505EE29835B4BBE3506DBE17C', certificateKinds='(
    "1.2.840.113635.100.6.1.12",
    "1.2.840.113635.100.6.1.2"
), issueDate='2023-06-17 10:55:48 +0000''>', entitlements='(null)', teamID='2HS962GC9R', identifier='com.apple.dt.runtime.swiftConcurrency', executablePath='<DVTFilePath:0x5049c0fb0:'/Users/dudishani-gabay/Library/Developer/Xcode/Archives/2023-08-28/NCW-sandbox 28-08-2023, 15.03.xcarchive/Products/Applications/NCW-sandbox.app/Frameworks/libswift_Concurrency.dylib'>', hardenedRuntime='0'>'>: {
}
2023-08-28 12:03:36 +0000  Entitlements for <IDEDistributionItem: 0x507b8ff40; bundleID='com.apple.dt.runtime.swiftConcurrency', path='<DVTFilePath:0x5049c0fb0:'/Users/dudishani-gabay/Library/Developer/Xcode/Archives/2023-08-28/NCW-sandbox 28-08-2023, 15.03.xcarchive/Products/Applications/NCW-sandbox.app/Frameworks/libswift_Concurrency.dylib'>', codeSigningInfo='<_DVTCodeSigningInformation_Path: 0x503fd4ab0; isSigned='1', isAdHocSigned='0', signingCertificate='<DVTSigningCertificate: 0x50a4bcc50; name='Apple Development: Dudi Shani-Gabay (QK7NGWU29X)', hash='0D81B602E1BFF59A3C1C9ACDAB42025F80B46A7F', serialNumber='4CB5A12505EE29835B4BBE3506DBE17C', certificateKinds='(
    "1.2.840.113635.100.6.1.12",
    "1.2.840.113635.100.6.1.2"
), issueDate='2023-06-17 10:55:48 +0000''>', entitlements='(null)', teamID='2HS962GC9R', identifier='com.apple.dt.runtime.swiftConcurrency', executablePath='<DVTFilePath:0x5049c0fb0:'/Users/dudishani-gabay/Library/Developer/Xcode/Archives/2023-08-28/NCW-sandbox 28-08-2023, 15.03.xcarchive/Products/Applications/NCW-sandbox.app/Frameworks/libswift_Concurrency.dylib'>', hardenedRuntime='0'>'> are: {
}
2023-08-28 12:03:36 +0000  Writing entitlements for <IDEDistributionItem: 0x507b8ff40; bundleID='com.apple.dt.runtime.swiftConcurrency', path='<DVTFilePath:0x5049c0fb0:'/Users/dudishani-gabay/Library/Developer/Xcode/Archives/2023-08-28/NCW-sandbox 28-08-2023, 15.03.xcarchive/Products/Applications/NCW-sandbox.app/Frameworks/libswift_Concurrency.dylib'>', codeSigningInfo='<_DVTCodeSigningInformation_Path: 0x503fd4ab0; isSigned='1', isAdHocSigned='0', signingCertificate='<DVTSigningCertificate: 0x2b3d89ad0; name='Apple Development: Dudi Shani-Gabay (QK7NGWU29X)', hash='0D81B602E1BFF59A3C1C9ACDAB42025F80B46A7F', serialNumber='4CB5A12505EE29835B4BBE3506DBE17C', certificateKinds='(
    "1.2.840.113635.100.6.1.12",
    "1.2.840.113635.100.6.1.2"
), issueDate='2023-06-17 10:55:48 +0000''>', entitlements='(null)', teamID='2HS962GC9R', identifier='com.apple.dt.runtime.swiftConcurrency', executablePath='<DVTFilePath:0x5049c0fb0:'/Users/dudishani-gabay/Library/Developer/Xcode/Archives/2023-08-28/NCW-sandbox 28-08-2023, 15.03.xcarchive/Products/Applications/NCW-sandbox.app/Frameworks/libswift_Concurrency.dylib'>', hardenedRuntime='0'>'> to: /var/folders/fd/zvs9w5pd0kb7c1l_sjbgqwfm0000gq/T/XcodeDistPipeline.~~~o24rsI/entitlements~~~T9ZO0y
2023-08-28 12:03:36 +0000  Running /usr/bin/codesign '-vvv' '--force' '--sign' 'B79374E33D50905B82858F5948CE46FEBCE950E7' '--entitlements' '/var/folders/fd/zvs9w5pd0kb7c1l_sjbgqwfm0000gq/T/XcodeDistPipeline.~~~o24rsI/entitlements~~~T9ZO0y' '--generate-entitlement-der' '--preserve-metadata=identifier,flags,runtime' '/var/folders/fd/zvs9w5pd0kb7c1l_sjbgqwfm0000gq/T/XcodeDistPipeline.~~~o24rsI/Root/Payload/NCW-sandbox.app/Frameworks/libswift_Concurrency.dylib'
2023-08-28 12:03:36 +0000  /var/folders/fd/zvs9w5pd0kb7c1l_sjbgqwfm0000gq/T/XcodeDistPipeline.~~~o24rsI/Root/Payload/NCW-sandbox.app/Frameworks/libswift_Concurrency.dylib: replacing existing signature
2023-08-28 12:03:36 +0000  /var/folders/fd/zvs9w5pd0kb7c1l_sjbgqwfm0000gq/T/XcodeDistPipeline.~~~o24rsI/Root/Payload/NCW-sandbox.app/Frameworks/libswift_Concurrency.dylib: signed Mach-O thin (arm64) [com.apple.dt.runtime.swiftConcurrency]
2023-08-28 12:03:36 +0000  /usr/bin/codesign exited with 0
2023-08-28 12:03:36 +0000  Entitlements for <IDEDistributionItem: 0x2e4bfccf0; bundleID='com.fireblocks.ncw.demo', path='<DVTFilePath:0x2d65f6bc0:'/Users/dudishani-gabay/Library/Developer/Xcode/Archives/2023-08-28/NCW-sandbox 28-08-2023, 15.03.xcarchive/Products/Applications/NCW-sandbox.app'>', codeSigningInfo='<_DVTCodeSigningInformation_Path: 0x5017b39d0; isSigned='1', isAdHocSigned='0', signingCertificate='<DVTSigningCertificate: 0x50498dfb0; name='Apple Development: Dudi Shani-Gabay (QK7NGWU29X)', hash='0D81B602E1BFF59A3C1C9ACDAB42025F80B46A7F', serialNumber='4CB5A12505EE29835B4BBE3506DBE17C', certificateKinds='(
    "1.2.840.113635.100.6.1.12",
    "1.2.840.113635.100.6.1.2"
), issueDate='2023-06-17 10:55:48 +0000''>', entitlements='{
    "application-identifier" = "2HS962GC9R.com.fireblocks.ncw.demo";
    "aps-environment" = development;
    "com.apple.developer.applesignin" =     (
        Default
    );
    "com.apple.developer.icloud-container-identifiers" =     (
        "iCloud.com.fireblocks.ncw.demo"
    );
    "com.apple.developer.icloud-services" =     (
        CloudDocuments,
        CloudKit
    );
    "com.apple.developer.team-identifier" = 2HS962GC9R;
    "com.apple.developer.ubiquity-container-identifiers" =     (
        "iCloud.com.fireblocks.ncw.demo"
    );
    "com.apple.developer.ubiquity-kvstore-identifier" = "2HS962GC9R.com.fireblocks.ncw.demo";
    "get-task-allow" = 1;
}', teamID='2HS962GC9R', identifier='com.fireblocks.ncw.demo', executablePath='<DVTFilePath:0x2e4bcdf10:'/Users/dudishani-gabay/Library/Developer/Xcode/Archives/2023-08-28/NCW-sandbox 28-08-2023, 15.03.xcarchive/Products/Applications/NCW-sandbox.app/NCW-sandbox'>', hardenedRuntime='0'>'>: {
    "application-identifier" = "2HS962GC9R.com.fireblocks.ncw.demo";
    "aps-environment" = production;
    "beta-reports-active" = 1;
    "com.apple.developer.applesignin" =     (
        Default
    );
    "com.apple.developer.icloud-container-environment" = Production;
    "com.apple.developer.icloud-container-identifiers" =     (
        "iCloud.com.fireblocks.ncw.demo"
    );
    "com.apple.developer.icloud-services" =     (
        CloudDocuments,
        CloudKit
    );
    "com.apple.developer.team-identifier" = 2HS962GC9R;
    "com.apple.developer.ubiquity-container-identifiers" =     (
        "iCloud.com.fireblocks.ncw.demo"
    );
    "com.apple.developer.ubiquity-kvstore-identifier" = "2HS962GC9R.com.fireblocks.ncw.demo";
    "get-task-allow" = 0;
}
2023-08-28 12:03:36 +0000  Entitlements for <IDEDistributionItem: 0x2e4bfccf0; bundleID='com.fireblocks.ncw.demo', path='<DVTFilePath:0x2d65f6bc0:'/Users/dudishani-gabay/Library/Developer/Xcode/Archives/2023-08-28/NCW-sandbox 28-08-2023, 15.03.xcarchive/Products/Applications/NCW-sandbox.app'>', codeSigningInfo='<_DVTCodeSigningInformation_Path: 0x5017b39d0; isSigned='1', isAdHocSigned='0', signingCertificate='<DVTSigningCertificate: 0x51ab5eaf0; name='Apple Development: Dudi Shani-Gabay (QK7NGWU29X)', hash='0D81B602E1BFF59A3C1C9ACDAB42025F80B46A7F', serialNumber='4CB5A12505EE29835B4BBE3506DBE17C', certificateKinds='(
    "1.2.840.113635.100.6.1.12",
    "1.2.840.113635.100.6.1.2"
), issueDate='2023-06-17 10:55:48 +0000''>', entitlements='{
    "application-identifier" = "2HS962GC9R.com.fireblocks.ncw.demo";
    "aps-environment" = development;
    "com.apple.developer.applesignin" =     (
        Default
    );
    "com.apple.developer.icloud-container-identifiers" =     (
        "iCloud.com.fireblocks.ncw.demo"
    );
    "com.apple.developer.icloud-services" =     (
        CloudDocuments,
        CloudKit
    );
    "com.apple.developer.team-identifier" = 2HS962GC9R;
    "com.apple.developer.ubiquity-container-identifiers" =     (
        "iCloud.com.fireblocks.ncw.demo"
    );
    "com.apple.developer.ubiquity-kvstore-identifier" = "2HS962GC9R.com.fireblocks.ncw.demo";
    "get-task-allow" = 1;
}', teamID='2HS962GC9R', identifier='com.fireblocks.ncw.demo', executablePath='<DVTFilePath:0x2e4bcdf10:'/Users/dudishani-gabay/Library/Developer/Xcode/Archives/2023-08-28/NCW-sandbox 28-08-2023, 15.03.xcarchive/Products/Applications/NCW-sandbox.app/NCW-sandbox'>', hardenedRuntime='0'>'> are: {
    "application-identifier" = "2HS962GC9R.com.fireblocks.ncw.demo";
    "aps-environment" = production;
    "beta-reports-active" = 1;
    "com.apple.developer.applesignin" =     (
        Default
    );
    "com.apple.developer.icloud-container-environment" = Production;
    "com.apple.developer.icloud-container-identifiers" =     (
        "iCloud.com.fireblocks.ncw.demo"
    );
    "com.apple.developer.icloud-services" =     (
        CloudDocuments,
        CloudKit
    );
    "com.apple.developer.team-identifier" = 2HS962GC9R;
    "com.apple.developer.ubiquity-container-identifiers" =     (
        "iCloud.com.fireblocks.ncw.demo"
    );
    "com.apple.developer.ubiquity-kvstore-identifier" = "2HS962GC9R.com.fireblocks.ncw.demo";
    "get-task-allow" = 0;
}
2023-08-28 12:03:36 +0000  Writing entitlements for <IDEDistributionItem: 0x2e4bfccf0; bundleID='com.fireblocks.ncw.demo', path='<DVTFilePath:0x2d65f6bc0:'/Users/dudishani-gabay/Library/Developer/Xcode/Archives/2023-08-28/NCW-sandbox 28-08-2023, 15.03.xcarchive/Products/Applications/NCW-sandbox.app'>', codeSigningInfo='<_DVTCodeSigningInformation_Path: 0x5017b39d0; isSigned='1', isAdHocSigned='0', signingCertificate='<DVTSigningCertificate: 0x5050308c0; name='Apple Development: Dudi Shani-Gabay (QK7NGWU29X)', hash='0D81B602E1BFF59A3C1C9ACDAB42025F80B46A7F', serialNumber='4CB5A12505EE29835B4BBE3506DBE17C', certificateKinds='(
    "1.2.840.113635.100.6.1.12",
    "1.2.840.113635.100.6.1.2"
), issueDate='2023-06-17 10:55:48 +0000''>', entitlements='{
    "application-identifier" = "2HS962GC9R.com.fireblocks.ncw.demo";
    "aps-environment" = development;
    "com.apple.developer.applesignin" =     (
        Default
    );
    "com.apple.developer.icloud-container-identifiers" =     (
        "iCloud.com.fireblocks.ncw.demo"
    );
    "com.apple.developer.icloud-services" =     (
        CloudDocuments,
        CloudKit
    );
    "com.apple.developer.team-identifier" = 2HS962GC9R;
    "com.apple.developer.ubiquity-container-identifiers" =     (
        "iCloud.com.fireblocks.ncw.demo"
    );
    "com.apple.developer.ubiquity-kvstore-identifier" = "2HS962GC9R.com.fireblocks.ncw.demo";
    "get-task-allow" = 1;
}', teamID='2HS962GC9R', identifier='com.fireblocks.ncw.demo', executablePath='<DVTFilePath:0x2e4bcdf10:'/Users/dudishani-gabay/Library/Developer/Xcode/Archives/2023-08-28/NCW-sandbox 28-08-2023, 15.03.xcarchive/Products/Applications/NCW-sandbox.app/NCW-sandbox'>', hardenedRuntime='0'>'> to: /var/folders/fd/zvs9w5pd0kb7c1l_sjbgqwfm0000gq/T/XcodeDistPipeline.~~~o24rsI/entitlements~~~K1CzlE
2023-08-28 12:03:36 +0000  Running /usr/bin/codesign '-vvv' '--force' '--sign' 'B79374E33D50905B82858F5948CE46FEBCE950E7' '--entitlements' '/var/folders/fd/zvs9w5pd0kb7c1l_sjbgqwfm0000gq/T/XcodeDistPipeline.~~~o24rsI/entitlements~~~K1CzlE' '--generate-entitlement-der' '--preserve-metadata=identifier,flags,runtime' '/var/folders/fd/zvs9w5pd0kb7c1l_sjbgqwfm0000gq/T/XcodeDistPipeline.~~~o24rsI/Root/Payload/NCW-sandbox.app'
2023-08-28 12:03:36 +0000  /var/folders/fd/zvs9w5pd0kb7c1l_sjbgqwfm0000gq/T/XcodeDistPipeline.~~~o24rsI/Root/Payload/NCW-sandbox.app: replacing existing signature
2023-08-28 12:03:36 +0000  /var/folders/fd/zvs9w5pd0kb7c1l_sjbgqwfm0000gq/T/XcodeDistPipeline.~~~o24rsI/Root/Payload/NCW-sandbox.app: signed app bundle with Mach-O thin (arm64) [com.fireblocks.ncw.demo]
2023-08-28 12:03:36 +0000  /usr/bin/codesign exited with 0
2023-08-28 12:03:36 +0000  Processing step: IDEDistributionZipODRItemStep
2023-08-28 12:03:36 +0000  Skipping step: IDEDistributionZipODRItemStep because it said so
2023-08-28 12:03:36 +0000  Skipping step: IDEDistributionZipODRItemStep because it said so
2023-08-28 12:03:36 +0000  Skipping step: IDEDistributionZipODRItemStep because it said so
2023-08-28 12:03:36 +0000  Processing step: IDEDistributionCreateIPAStep
2023-08-28 12:03:36 +0000  Running /usr/bin/rsync '-8aPhhE' '/var/folders/fd/zvs9w5pd0kb7c1l_sjbgqwfm0000gq/T/XcodeDistPipeline.~~~o24rsI/Symbols' '--link-dest' '/var/folders/fd/zvs9w5pd0kb7c1l_sjbgqwfm0000gq/T/XcodeDistPipeline.~~~o24rsI' '/var/folders/fd/zvs9w5pd0kb7c1l_sjbgqwfm0000gq/T/XcodeDistPipeline.~~~o24rsI/Root'
2023-08-28 12:03:36 +0000  building file list ... 
2023-08-28 12:03:36 +0000   0 files...2023-08-28 12:03:36 +0000  3 files to consider
2023-08-28 12:03:36 +0000  Symbols/
2023-08-28 12:03:36 +0000  
2023-08-28 12:03:36 +0000  sent 212 bytes  received 26 bytes  476.00 bytes/sec
total size is 6.09M  speedup is 26835.36
2023-08-28 12:03:36 +0000  /usr/bin/rsync exited with 0
2023-08-28 12:03:36 +0000  Running /usr/bin/ditto '-V' '-c' '-k' '--norsrc' '/var/folders/fd/zvs9w5pd0kb7c1l_sjbgqwfm0000gq/T/XcodeDistPipeline.~~~o24rsI/Root' '/var/folders/fd/zvs9w5pd0kb7c1l_sjbgqwfm0000gq/T/XcodeDistPipeline.~~~o24rsI/Packages/NCW-sandbox.ipa'
2023-08-28 12:03:36 +0000  >>> Copying /var/folders/fd/zvs9w5pd0kb7c1l_sjbgqwfm0000gq/T/XcodeDistPipeline.~~~o24rsI/Root 
2023-08-28 12:03:36 +0000  copying file ./Payload/NCW-sandbox.app/ManuallyInputViewController.nib ... 
2023-08-28 12:03:36 +0000  10007 bytes for ./Payload/NCW-sandbox.app/ManuallyInputViewController.nib
2023-08-28 12:03:36 +0000  copying file ./Payload/NCW-sandbox.app/_CodeSignature/CodeResources ... 
2023-08-28 12:03:36 +0000  34687 bytes for ./Payload/NCW-sandbox.app/_CodeSignature/CodeResources
2023-08-28 12:03:36 +0000  copying file ./Payload/NCW-sandbox.app/Inter-Medium.ttf ... 
2023-08-28 12:03:36 +0000  694512 bytes for ./Payload/NCW-sandbox.app/Inter-Medium.ttf
2023-08-28 12:03:36 +0000  copying file ./Payload/NCW-sandbox.app/Roboto-Medium.ttf ... 
2023-08-28 12:03:36 +0000  168644 bytes for ./Payload/NCW-sandbox.app/Roboto-Medium.ttf
2023-08-28 12:03:36 +0000  copying file ./Payload/NCW-sandbox.app/MpcKeyCellView.nib ... 
2023-08-28 12:03:36 +0000  5630 bytes for ./Payload/NCW-sandbox.app/MpcKeyCellView.nib
2023-08-28 12:03:36 +0000  copying file ./Payload/NCW-sandbox.app/GoogleSignIn_GoogleSignIn.bundle/de.lproj/GoogleSignIn.strings ... 
2023-08-28 12:03:36 +0000  1703 bytes for ./Payload/NCW-sandbox.app/GoogleSignIn_GoogleSignIn.bundle/de.lproj/GoogleSignIn.strings
2023-08-28 12:03:36 +0000  copying file ./Payload/NCW-sandbox.app/GoogleSignIn_GoogleSignIn.bundle/he.lproj/GoogleSignIn.strings ... 
2023-08-28 12:03:36 +0000  1780 bytes for ./Payload/NCW-sandbox.app/GoogleSignIn_GoogleSignIn.bundle/he.lproj/GoogleSignIn.strings
2023-08-28 12:03:36 +0000  copying file ./Payload/NCW-sandbox.app/GoogleSignIn_GoogleSignIn.bundle/ar.lproj/GoogleSignIn.strings ... 
2023-08-28 12:03:36 +0000  1759 bytes for ./Payload/NCW-sandbox.app/GoogleSignIn_GoogleSignIn.bundle/ar.lproj/GoogleSignIn.strings
2023-08-28 12:03:36 +0000  copying file ./Payload/NCW-sandbox.app/GoogleSignIn_GoogleSignIn.bundle/el.lproj/GoogleSignIn.strings ... 
2023-08-28 12:03:36 +0000  2103 bytes for ./Payload/NCW-sandbox.app/GoogleSignIn_GoogleSignIn.bundle/el.lproj/GoogleSignIn.strings
2023-08-28 12:03:36 +0000  copying file ./Payload/NCW-sandbox.app/GoogleSignIn_GoogleSignIn.bundle/ja.lproj/GoogleSignIn.strings ... 
2023-08-28 12:03:36 +0000  1711 bytes for ./Payload/NCW-sandbox.app/GoogleSignIn_GoogleSignIn.bundle/ja.lproj/GoogleSignIn.strings
2023-08-28 12:03:36 +0000  copying file ./Payload/NCW-sandbox.app/GoogleSignIn_GoogleSignIn.bundle/en.lproj/GoogleSignIn.strings ... 
2023-08-28 12:03:36 +0000  1547 bytes for ./Payload/NCW-sandbox.app/GoogleSignIn_GoogleSignIn.bundle/en.lproj/GoogleSignIn.strings
2023-08-28 12:03:36 +0000  copying file ./Payload/NCW-sandbox.app/GoogleSignIn_GoogleSignIn.bundle/uk.lproj/GoogleSignIn.strings ... 
2023-08-28 12:03:36 +0000  1864 bytes for ./Payload/NCW-sandbox.app/GoogleSignIn_GoogleSignIn.bundle/uk.lproj/GoogleSignIn.strings
2023-08-28 12:03:36 +0000  copying file ./Payload/NCW-sandbox.app/GoogleSignIn_GoogleSignIn.bundle/es_MX.lproj/GoogleSignIn.strings ... 
2023-08-28 12:03:36 +0000  1607 bytes for ./Payload/NCW-sandbox.app/GoogleSignIn_GoogleSignIn.bundle/es_MX.lproj/GoogleSignIn.strings
2023-08-28 12:03:36 +0000  copying file ./Payload/NCW-sandbox.app/GoogleSignIn_GoogleSignIn.bundle/zh_CN.lproj/GoogleSignIn.strings ... 
2023-08-28 12:03:36 +0000  1489 bytes for ./Payload/NCW-sandbox.app/GoogleSignIn_GoogleSignIn.bundle/zh_CN.lproj/GoogleSignIn.strings
2023-08-28 12:03:36 +0000  copying file ./Payload/NCW-sandbox.app/GoogleSignIn_GoogleSignIn.bundle/nb.lproj/GoogleSignIn.strings ... 
2023-08-28 12:03:36 +0000  1593 bytes for ./Payload/NCW-sandbox.app/GoogleSignIn_GoogleSignIn.bundle/nb.lproj/GoogleSignIn.strings
2023-08-28 12:03:36 +0000  copying file ./Payload/NCW-sandbox.app/GoogleSignIn_GoogleSignIn.bundle/es.lproj/GoogleSignIn.strings ... 
2023-08-28 12:03:36 +0000  1678 bytes for ./Payload/NCW-sandbox.app/GoogleSignIn_GoogleSignIn.bundle/es.lproj/GoogleSignIn.strings
2023-08-28 12:03:36 +0000  copying file ./Payload/NCW-sandbox.app/GoogleSignIn_GoogleSignIn.bundle/pt_BR.lproj/GoogleSignIn.strings ... 
2023-08-28 12:03:36 +0000  1608 bytes for ./Payload/NCW-sandbox.app/GoogleSignIn_GoogleSignIn.bundle/pt_BR.lproj/GoogleSignIn.strings
2023-08-28 12:03:36 +0000  copying file ./Payload/NCW-sandbox.app/GoogleSignIn_GoogleSignIn.bundle/da.lproj/GoogleSignIn.strings ... 
2023-08-28 12:03:36 +0000  1611 bytes for ./Payload/NCW-sandbox.app/GoogleSignIn_GoogleSignIn.bundle/da.lproj/GoogleSignIn.strings
2023-08-28 12:03:36 +0000  copying file ./Payload/NCW-sandbox.app/GoogleSignIn_GoogleSignIn.bundle/it.lproj/GoogleSignIn.strings ... 
2023-08-28 12:03:36 +0000  1570 bytes for ./Payload/NCW-sandbox.app/GoogleSignIn_GoogleSignIn.bundle/it.lproj/GoogleSignIn.strings
2023-08-28 12:03:36 +0000  copying file ./Payload/NCW-sandbox.app/GoogleSignIn_GoogleSignIn.bundle/sk.lproj/GoogleSignIn.strings ... 
2023-08-28 12:03:36 +0000  1665 bytes for ./Payload/NCW-sandbox.app/GoogleSignIn_GoogleSignIn.bundle/sk.lproj/GoogleSignIn.strings
2023-08-28 12:03:36 +0000  copying file ./Payload/NCW-sandbox.app/GoogleSignIn_GoogleSignIn.bundle/pt_PT.lproj/GoogleSignIn.strings ... 
2023-08-28 12:03:36 +0000  1646 bytes for ./Payload/NCW-sandbox.app/GoogleSignIn_GoogleSignIn.bundle/pt_PT.lproj/GoogleSignIn.strings
2023-08-28 12:03:36 +0000  copying file ./Payload/NCW-sandbox.app/GoogleSignIn_GoogleSignIn.bundle/google@3x.png ... 
2023-08-28 12:03:36 +0000  1622 bytes for ./Payload/NCW-sandbox.app/GoogleSignIn_GoogleSignIn.bundle/google@3x.png
2023-08-28 12:03:36 +0000  copying file ./Payload/NCW-sandbox.app/GoogleSignIn_GoogleSignIn.bundle/ms.lproj/GoogleSignIn.strings ... 
2023-08-28 12:03:36 +0000  1565 bytes for ./Payload/NCW-sandbox.app/GoogleSignIn_GoogleSignIn.bundle/ms.lproj/GoogleSignIn.strings
2023-08-28 12:03:36 +0000  copying file ./Payload/NCW-sandbox.app/GoogleSignIn_GoogleSignIn.bundle/sv.lproj/GoogleSignIn.strings ... 
2023-08-28 12:03:36 +0000  1579 bytes for ./Payload/NCW-sandbox.app/GoogleSignIn_GoogleSignIn.bundle/sv.lproj/GoogleSignIn.strings
2023-08-28 12:03:36 +0000  copying file ./Payload/NCW-sandbox.app/GoogleSignIn_GoogleSignIn.bundle/cs.lproj/GoogleSignIn.strings ... 
2023-08-28 12:03:36 +0000  1615 bytes for ./Payload/NCW-sandbox.app/GoogleSignIn_GoogleSignIn.bundle/cs.lproj/GoogleSignIn.strings
2023-08-28 12:03:36 +0000  copying file ./Payload/NCW-sandbox.app/GoogleSignIn_GoogleSignIn.bundle/google@2x.png ... 
2023-08-28 12:03:36 +0000  987 bytes for ./Payload/NCW-sandbox.app/GoogleSignIn_GoogleSignIn.bundle/google@2x.png
2023-08-28 12:03:36 +0000  copying file ./Payload/NCW-sandbox.app/GoogleSignIn_GoogleSignIn.bundle/ko.lproj/GoogleSignIn.strings ... 
2023-08-28 12:03:36 +0000  1634 bytes for ./Payload/NCW-sandbox.app/GoogleSignIn_GoogleSignIn.bundle/ko.lproj/GoogleSignIn.strings
2023-08-28 12:03:36 +0000  copying file ./Payload/NCW-sandbox.app/GoogleSignIn_GoogleSignIn.bundle/hu.lproj/GoogleSignIn.strings ... 
2023-08-28 12:03:36 +0000  1663 bytes for ./Payload/NCW-sandbox.app/GoogleSignIn_GoogleSignIn.bundle/hu.lproj/GoogleSignIn.strings
2023-08-28 12:03:36 +0000  copying file ./Payload/NCW-sandbox.app/GoogleSignIn_GoogleSignIn.bundle/tr.lproj/GoogleSignIn.strings ... 
2023-08-28 12:03:36 +0000  1596 bytes for ./Payload/NCW-sandbox.app/GoogleSignIn_GoogleSignIn.bundle/tr.lproj/GoogleSignIn.strings
2023-08-28 12:03:36 +0000  copying file ./Payload/NCW-sandbox.app/GoogleSignIn_GoogleSignIn.bundle/pl.lproj/GoogleSignIn.strings ... 
2023-08-28 12:03:36 +0000  1578 bytes for ./Payload/NCW-sandbox.app/GoogleSignIn_GoogleSignIn.bundle/pl.lproj/GoogleSignIn.strings
2023-08-28 12:03:36 +0000  copying file ./Payload/NCW-sandbox.app/GoogleSignIn_GoogleSignIn.bundle/zh_TW.lproj/GoogleSignIn.strings ... 
2023-08-28 12:03:36 +0000  1525 bytes for ./Payload/NCW-sandbox.app/GoogleSignIn_GoogleSignIn.bundle/zh_TW.lproj/GoogleSignIn.strings
2023-08-28 12:03:36 +0000  copying file ./Payload/NCW-sandbox.app/GoogleSignIn_GoogleSignIn.bundle/en_GB.lproj/GoogleSignIn.strings ... 
2023-08-28 12:03:36 +0000  1547 bytes for ./Payload/NCW-sandbox.app/GoogleSignIn_GoogleSignIn.bundle/en_GB.lproj/GoogleSignIn.strings
2023-08-28 12:03:36 +0000  copying file ./Payload/NCW-sandbox.app/GoogleSignIn_GoogleSignIn.bundle/vi.lproj/GoogleSignIn.strings ... 
2023-08-28 12:03:36 +0000  1717 bytes for ./Payload/NCW-sandbox.app/GoogleSignIn_GoogleSignIn.bundle/vi.lproj/GoogleSignIn.strings
2023-08-28 12:03:36 +0000  copying file ./Payload/NCW-sandbox.app/GoogleSignIn_GoogleSignIn.bundle/ru.lproj/GoogleSignIn.strings ... 
2023-08-28 12:03:36 +0000  1954 bytes for ./Payload/NCW-sandbox.app/GoogleSignIn_GoogleSignIn.bundle/ru.lproj/GoogleSignIn.strings
2023-08-28 12:03:36 +0000  copying file ./Payload/NCW-sandbox.app/GoogleSignIn_GoogleSignIn.bundle/fr_CA.lproj/GoogleSignIn.strings ... 
2023-08-28 12:03:36 +0000  1657 bytes for ./Payload/NCW-sandbox.app/GoogleSignIn_GoogleSignIn.bundle/fr_CA.lproj/GoogleSignIn.strings
2023-08-28 12:03:36 +0000  copying file ./Payload/NCW-sandbox.app/GoogleSignIn_GoogleSignIn.bundle/fr.lproj/GoogleSignIn.strings ... 
2023-08-28 12:03:36 +0000  1676 bytes for ./Payload/NCW-sandbox.app/GoogleSignIn_GoogleSignIn.bundle/fr.lproj/GoogleSignIn.strings
2023-08-28 12:03:36 +0000  copying file ./Payload/NCW-sandbox.app/GoogleSignIn_GoogleSignIn.bundle/fi.lproj/GoogleSignIn.strings ... 
2023-08-28 12:03:36 +0000  1640 bytes for ./Payload/NCW-sandbox.app/GoogleSignIn_GoogleSignIn.bundle/fi.lproj/GoogleSignIn.strings
2023-08-28 12:03:36 +0000  copying file ./Payload/NCW-sandbox.app/GoogleSignIn_GoogleSignIn.bundle/id.lproj/GoogleSignIn.strings ... 
2023-08-28 12:03:36 +0000  1553 bytes for ./Payload/NCW-sandbox.app/GoogleSignIn_GoogleSignIn.bundle/id.lproj/GoogleSignIn.strings
2023-08-28 12:03:36 +0000  copying file ./Payload/NCW-sandbox.app/GoogleSignIn_GoogleSignIn.bundle/nl.lproj/GoogleSignIn.strings ... 
2023-08-28 12:03:36 +0000  1606 bytes for ./Payload/NCW-sandbox.app/GoogleSignIn_GoogleSignIn.bundle/nl.lproj/GoogleSignIn.strings
2023-08-28 12:03:36 +0000  copying file ./Payload/NCW-sandbox.app/GoogleSignIn_GoogleSignIn.bundle/th.lproj/GoogleSignIn.strings ... 
2023-08-28 12:03:36 +0000  2133 bytes for ./Payload/NCW-sandbox.app/GoogleSignIn_GoogleSignIn.bundle/th.lproj/GoogleSignIn.strings
2023-08-28 12:03:36 +0000  copying file ./Payload/NCW-sandbox.app/GoogleSignIn_GoogleSignIn.bundle/pt.lproj/GoogleSignIn.strings ... 
2023-08-28 12:03:36 +0000  1608 bytes for ./Payload/NCW-sandbox.app/GoogleSignIn_GoogleSignIn.bundle/pt.lproj/GoogleSignIn.strings
2023-08-28 12:03:36 +0000  copying file ./Payload/NCW-sandbox.app/GoogleSignIn_GoogleSignIn.bundle/google.png ... 
2023-08-28 12:03:36 +0000  572 bytes for ./Payload/NCW-sandbox.app/GoogleSignIn_GoogleSignIn.bundle/google.png
2023-08-28 12:03:36 +0000  copying file ./Payload/NCW-sandbox.app/GoogleSignIn_GoogleSignIn.bundle/Roboto-Bold.ttf ... 
2023-08-28 12:03:36 +0000  127744 bytes for ./Payload/NCW-sandbox.app/GoogleSignIn_GoogleSignIn.bundle/Roboto-Bold.ttf
2023-08-28 12:03:36 +0000  copying file ./Payload/NCW-sandbox.app/GoogleSignIn_GoogleSignIn.bundle/ro.lproj/GoogleSignIn.strings ... 
2023-08-28 12:03:36 +0000  1598 bytes for ./Payload/NCW-sandbox.app/GoogleSignIn_GoogleSignIn.bundle/ro.lproj/GoogleSignIn.strings
2023-08-28 12:03:36 +0000  copying file ./Payload/NCW-sandbox.app/GoogleSignIn_GoogleSignIn.bundle/Info.plist ... 
2023-08-28 12:03:36 +0000  696 bytes for ./Payload/NCW-sandbox.app/GoogleSignIn_GoogleSignIn.bundle/Info.plist
2023-08-28 12:03:36 +0000  copying file ./Payload/NCW-sandbox.app/GoogleSignIn_GoogleSignIn.bundle/hr.lproj/GoogleSignIn.strings ... 
2023-08-28 12:03:36 +0000  1621 bytes for ./Payload/NCW-sandbox.app/GoogleSignIn_GoogleSignIn.bundle/hr.lproj/GoogleSignIn.strings
2023-08-28 12:03:36 +0000  copying file ./Payload/NCW-sandbox.app/GoogleSignIn_GoogleSignIn.bundle/hi.lproj/GoogleSignIn.strings ... 
2023-08-28 12:03:36 +0000  2286 bytes for ./Payload/NCW-sandbox.app/GoogleSignIn_GoogleSignIn.bundle/hi.lproj/GoogleSignIn.strings
2023-08-28 12:03:36 +0000  copying file ./Payload/NCW-sandbox.app/GoogleSignIn_GoogleSignIn.bundle/ca.lproj/GoogleSignIn.strings ... 
2023-08-28 12:03:36 +0000  1669 bytes for ./Payload/NCW-sandbox.app/GoogleSignIn_GoogleSignIn.bundle/ca.lproj/GoogleSignIn.strings
2023-08-28 12:03:36 +0000  copying file ./Payload/NCW-sandbox.app/AssetListViewController.nib ... 
2023-08-28 12:03:36 +0000  7535 bytes for ./Payload/NCW-sandbox.app/AssetListViewController.nib
2023-08-28 12:03:36 +0000  copying file ./Payload/NCW-sandbox.app/AssetViewCell.nib ... 
2023-08-28 12:03:36 +0000  6933 bytes for ./Payload/NCW-sandbox.app/AssetViewCell.nib
2023-08-28 12:03:36 +0000  copying file ./Payload/NCW-sandbox.app/AreYouSureBottomSheet.nib ... 
2023-08-28 12:03:36 +0000  7835 bytes for ./Payload/NCW-sandbox.app/AreYouSureBottomSheet.nib
2023-08-28 12:03:36 +0000  copying file ./Payload/NCW-sandbox.app/TransactionSentViewController.nib ... 
2023-08-28 12:03:36 +0000  9009 bytes for ./Payload/NCW-sandbox.app/TransactionSentViewController.nib
2023-08-28 12:03:36 +0000  copying file ./Payload/NCW-sandbox.app/AuthViewController.nib ... 
2023-08-28 12:03:36 +0000  12064 bytes for ./Payload/NCW-sandbox.app/AuthViewController.nib
2023-08-28 12:03:36 +0000  copying file ./Payload/NCW-sandbox.app/GoogleService-Info.moveo.plist ... 
2023-08-28 12:03:36 +0000  669 bytes for ./Payload/NCW-sandbox.app/GoogleService-Info.moveo.plist
2023-08-28 12:03:36 +0000  copying file ./Payload/NCW-sandbox.app/FeeRateViewController.nib ... 
2023-08-28 12:03:36 +0000  6619 bytes for ./Payload/NCW-sandbox.app/FeeRateViewController.nib
2023-08-28 12:03:36 +0000  copying file ./Payload/NCW-sandbox.app/Roboto-Regular.ttf ... 
2023-08-28 12:03:36 +0000  168260 bytes for ./Payload/NCW-sandbox.app/Roboto-Regular.ttf
2023-08-28 12:03:36 +0000  copying file ./Payload/NCW-sandbox.app/AppIcon60x60@2x.png ... 
2023-08-28 12:03:36 +0000  3075 bytes for ./Payload/NCW-sandbox.app/AppIcon60x60@2x.png
2023-08-28 12:03:36 +0000  copying file ./Payload/NCW-sandbox.app/ApproveViewController.nib ... 
2023-08-28 12:03:36 +0000  10292 bytes for ./Payload/NCW-sandbox.app/ApproveViewController.nib
2023-08-28 12:03:36 +0000  copying file ./Payload/NCW-sandbox.app/TransferDetailsViewController.nib ... 
2023-08-28 12:03:36 +0000  17095 bytes for ./Payload/NCW-sandbox.app/TransferDetailsViewController.nib
2023-08-28 12:03:36 +0000  copying file ./Payload/NCW-sandbox.app/GoogleBackUp-Info.plist ... 
2023-08-28 12:03:36 +0000  150 bytes for ./Payload/NCW-sandbox.app/GoogleBackUp-Info.plist
2023-08-28 12:03:36 +0000  copying file ./Payload/NCW-sandbox.app/Inter-Bold.ttf ... 
2023-08-28 12:03:36 +0000  715204 bytes for ./Payload/NCW-sandbox.app/Inter-Bold.ttf
2023-08-28 12:03:36 +0000  copying file ./Payload/NCW-sandbox.app/FeeRateCell.nib ... 
2023-08-28 12:03:36 +0000  4308 bytes for ./Payload/NCW-sandbox.app/FeeRateCell.nib
2023-08-28 12:03:36 +0000  copying file ./Payload/NCW-sandbox.app/BackupStatusViewController.nib ... 
2023-08-28 12:03:36 +0000  6604 bytes for ./Payload/NCW-sandbox.app/BackupStatusViewController.nib
2023-08-28 12:03:36 +0000  copying file ./Payload/NCW-sandbox.app/BackupViewController.nib ... 
2023-08-28 12:03:36 +0000  6434 bytes for ./Payload/NCW-sandbox.app/BackupViewController.nib
2023-08-28 12:03:36 +0000  copying file ./Payload/NCW-sandbox.app/GoogleService-Info.plist ... 
2023-08-28 12:03:36 +0000  781 bytes for ./Payload/NCW-sandbox.app/GoogleService-Info.plist
2023-08-28 12:03:36 +0000  copying file ./Payload/NCW-sandbox.app/TransferCell.nib ... 
2023-08-28 12:03:36 +0000  9705 bytes for ./Payload/NCW-sandbox.app/TransferCell.nib
2023-08-28 12:03:36 +0000  copying file ./Payload/NCW-sandbox.app/Base.lproj/Main.storyboardc/Info.plist ... 
2023-08-28 12:03:36 +0000  276 bytes for ./Payload/NCW-sandbox.app/Base.lproj/Main.storyboardc/Info.plist
2023-08-28 12:03:36 +0000  copying file ./Payload/NCW-sandbox.app/Base.lproj/Main.storyboardc/UINavigationController-NRc-Ju-yYv.nib ... 
2023-08-28 12:03:36 +0000  1211 bytes for ./Payload/NCW-sandbox.app/Base.lproj/Main.storyboardc/UINavigationController-NRc-Ju-yYv.nib
2023-08-28 12:03:36 +0000  copying file ./Payload/NCW-sandbox.app/Base.lproj/LaunchScreen.storyboardc/01J-lp-oVM-view-Ze5-6b-2t3.nib ... 
2023-08-28 12:03:36 +0000  1197 bytes for ./Payload/NCW-sandbox.app/Base.lproj/LaunchScreen.storyboardc/01J-lp-oVM-view-Ze5-6b-2t3.nib
2023-08-28 12:03:36 +0000  copying file ./Payload/NCW-sandbox.app/Base.lproj/LaunchScreen.storyboardc/UIViewController-01J-lp-oVM.nib ... 
2023-08-28 12:03:36 +0000  896 bytes for ./Payload/NCW-sandbox.app/Base.lproj/LaunchScreen.storyboardc/UIViewController-01J-lp-oVM.nib
2023-08-28 12:03:36 +0000  copying file ./Payload/NCW-sandbox.app/Base.lproj/LaunchScreen.storyboardc/Info.plist ... 
2023-08-28 12:03:36 +0000  258 bytes for ./Payload/NCW-sandbox.app/Base.lproj/LaunchScreen.storyboardc/Info.plist
2023-08-28 12:03:36 +0000  copying file ./Payload/NCW-sandbox.app/Inter-Regular.ttf ... 
2023-08-28 12:03:36 +0000  680240 bytes for ./Payload/NCW-sandbox.app/Inter-Regular.ttf
2023-08-28 12:03:36 +0000  copying file ./Payload/NCW-sandbox.app/ChooseAssetViewController.nib ... 
2023-08-28 12:03:36 +0000  5630 bytes for ./Payload/NCW-sandbox.app/ChooseAssetViewController.nib
2023-08-28 12:03:36 +0000  copying file ./Payload/NCW-sandbox.app/Localizable.strings ... 
2023-08-28 12:03:36 +0000  4538 bytes for ./Payload/NCW-sandbox.app/Localizable.strings
2023-08-28 12:03:36 +0000  copying file ./Payload/NCW-sandbox.app/QRCodeScannerViewController.nib ... 
2023-08-28 12:03:36 +0000  7697 bytes for ./Payload/NCW-sandbox.app/QRCodeScannerViewController.nib
2023-08-28 12:03:36 +0000  copying file ./Payload/NCW-sandbox.app/Assets.car ... 
2023-08-28 12:03:36 +0000  329752 bytes for ./Payload/NCW-sandbox.app/Assets.car
2023-08-28 12:03:36 +0000  copying file ./Payload/NCW-sandbox.app/ReceiveViewController.nib ... 
2023-08-28 12:03:36 +0000  12197 bytes for ./Payload/NCW-sandbox.app/ReceiveViewController.nib
2023-08-28 12:03:36 +0000  copying file ./Payload/NCW-sandbox.app/AppIcon76x76@2x~ipad.png ... 
2023-08-28 12:03:36 +0000  3821 bytes for ./Payload/NCW-sandbox.app/AppIcon76x76@2x~ipad.png
2023-08-28 12:03:36 +0000  copying file ./Payload/NCW-sandbox.app/BackupDetailsViewController.nib ... 
2023-08-28 12:03:36 +0000  8283 bytes for ./Payload/NCW-sandbox.app/BackupDetailsViewController.nib
2023-08-28 12:03:36 +0000  copying file ./Payload/NCW-sandbox.app/AmountToSendViewController.nib ... 
2023-08-28 12:03:36 +0000  17251 bytes for ./Payload/NCW-sandbox.app/AmountToSendViewController.nib
2023-08-28 12:03:36 +0000  copying file ./Payload/NCW-sandbox.app/TransfersViewController.nib ... 
2023-08-28 12:03:36 +0000  7243 bytes for ./Payload/NCW-sandbox.app/TransfersViewController.nib
2023-08-28 12:03:36 +0000  copying file ./Payload/NCW-sandbox.app/MpcKeysViewController.nib ... 
2023-08-28 12:03:36 +0000  8166 bytes for ./Payload/NCW-sandbox.app/MpcKeysViewController.nib
2023-08-28 12:03:36 +0000  copying file ./Payload/NCW-sandbox.app/Frameworks/libswift_Concurrency.dylib ... 
2023-08-28 12:03:36 +0000  557936 bytes for ./Payload/NCW-sandbox.app/Frameworks/libswift_Concurrency.dylib
2023-08-28 12:03:36 +0000  copying file ./Payload/NCW-sandbox.app/Frameworks/FireblocksSDK.framework/_CodeSignature/CodeResources ... 
2023-08-28 12:03:36 +0000  4792 bytes for ./Payload/NCW-sandbox.app/Frameworks/FireblocksSDK.framework/_CodeSignature/CodeResources
2023-08-28 12:03:36 +0000  copying file ./Payload/NCW-sandbox.app/Frameworks/FireblocksSDK.framework/production.plist ... 
2023-08-28 12:03:36 +0000  4315 bytes for ./Payload/NCW-sandbox.app/Frameworks/FireblocksSDK.framework/production.plist
2023-08-28 12:03:36 +0000  copying file ./Payload/NCW-sandbox.app/Frameworks/FireblocksSDK.framework/FireblocksSDK ... 
2023-08-28 12:03:36 +0000  5704064 bytes for ./Payload/NCW-sandbox.app/Frameworks/FireblocksSDK.framework/FireblocksSDK
2023-08-28 12:03:36 +0000  copying file ./Payload/NCW-sandbox.app/Frameworks/FireblocksSDK.framework/eu2.plist ... 
2023-08-28 12:03:36 +0000  4324 bytes for ./Payload/NCW-sandbox.app/Frameworks/FireblocksSDK.framework/eu2.plist
2023-08-28 12:03:36 +0000  copying file ./Payload/NCW-sandbox.app/Frameworks/FireblocksSDK.framework/eu.plist ... 
2023-08-28 12:03:36 +0000  4319 bytes for ./Payload/NCW-sandbox.app/Frameworks/FireblocksSDK.framework/eu.plist
2023-08-28 12:03:36 +0000  copying file ./Payload/NCW-sandbox.app/Frameworks/FireblocksSDK.framework/sandbox.plist ... 
2023-08-28 12:03:36 +0000  4324 bytes for ./Payload/NCW-sandbox.app/Frameworks/FireblocksSDK.framework/sandbox.plist
2023-08-28 12:03:36 +0000  copying file ./Payload/NCW-sandbox.app/Frameworks/FireblocksSDK.framework/Frameworks/MPCFBFramework.framework/_CodeSignature/CodeResources ... 
2023-08-28 12:03:36 +0000  1798 bytes for ./Payload/NCW-sandbox.app/Frameworks/FireblocksSDK.framework/Frameworks/MPCFBFramework.framework/_CodeSignature/CodeResources
2023-08-28 12:03:36 +0000  copying file ./Payload/NCW-sandbox.app/Frameworks/FireblocksSDK.framework/Frameworks/MPCFBFramework.framework/_CodeSignature/CodeDirectory ... 
2023-08-28 12:03:36 +0000  188 bytes for ./Payload/NCW-sandbox.app/Frameworks/FireblocksSDK.framework/Frameworks/MPCFBFramework.framework/_CodeSignature/CodeDirectory
2023-08-28 12:03:36 +0000  copying file ./Payload/NCW-sandbox.app/Frameworks/FireblocksSDK.framework/Frameworks/MPCFBFramework.framework/_CodeSignature/CodeRequirements-1 ... 
2023-08-28 12:03:36 +0000  236 bytes for ./Payload/NCW-sandbox.app/Frameworks/FireblocksSDK.framework/Frameworks/MPCFBFramework.framework/_CodeSignature/CodeRequirements-1
2023-08-28 12:03:36 +0000  copying file ./Payload/NCW-sandbox.app/Frameworks/FireblocksSDK.framework/Frameworks/MPCFBFramework.framework/_CodeSignature/CodeSignature ... 
2023-08-28 12:03:36 +0000  4868 bytes for ./Payload/NCW-sandbox.app/Frameworks/FireblocksSDK.framework/Frameworks/MPCFBFramework.framework/_CodeSignature/CodeSignature
2023-08-28 12:03:36 +0000  copying file ./Payload/NCW-sandbox.app/Frameworks/FireblocksSDK.framework/Frameworks/MPCFBFramework.framework/_CodeSignature/CodeRequirements ... 
2023-08-28 12:03:36 +0000  208 bytes for ./Payload/NCW-sandbox.app/Frameworks/FireblocksSDK.framework/Frameworks/MPCFBFramework.framework/_CodeSignature/CodeRequirements
2023-08-28 12:03:36 +0000  copying file ./Payload/NCW-sandbox.app/Frameworks/FireblocksSDK.framework/Frameworks/MPCFBFramework.framework/MPCFBFramework ... 
2023-08-28 12:03:37 +0000  8900520 bytes for ./Payload/NCW-sandbox.app/Frameworks/FireblocksSDK.framework/Frameworks/MPCFBFramework.framework/MPCFBFramework
2023-08-28 12:03:37 +0000  copying file ./Payload/NCW-sandbox.app/Frameworks/FireblocksSDK.framework/Frameworks/MPCFBFramework.framework/Info.plist ... 
2023-08-28 12:03:37 +0000  782 bytes for ./Payload/NCW-sandbox.app/Frameworks/FireblocksSDK.framework/Frameworks/MPCFBFramework.framework/Info.plist
2023-08-28 12:03:37 +0000  copying file ./Payload/NCW-sandbox.app/Frameworks/FireblocksSDK.framework/Info.plist ... 
2023-08-28 12:03:37 +0000  764 bytes for ./Payload/NCW-sandbox.app/Frameworks/FireblocksSDK.framework/Info.plist
2023-08-28 12:03:37 +0000  copying file ./Payload/NCW-sandbox.app/SendToViewController.nib ... 
2023-08-28 12:03:37 +0000  8810 bytes for ./Payload/NCW-sandbox.app/SendToViewController.nib
2023-08-28 12:03:37 +0000  copying file ./Payload/NCW-sandbox.app/embedded.mobileprovision ... 
2023-08-28 12:03:37 +0000  22035 bytes for ./Payload/NCW-sandbox.app/embedded.mobileprovision
2023-08-28 12:03:37 +0000  copying file ./Payload/NCW-sandbox.app/Roboto-Bold.ttf ... 
2023-08-28 12:03:37 +0000  167336 bytes for ./Payload/NCW-sandbox.app/Roboto-Bold.ttf
2023-08-28 12:03:37 +0000  copying file ./Payload/NCW-sandbox.app/TakeoverViewController.nib ... 
2023-08-28 12:03:37 +0000  7426 bytes for ./Payload/NCW-sandbox.app/TakeoverViewController.nib
2023-08-28 12:03:37 +0000  copying file ./Payload/NCW-sandbox.app/SettingsViewController.nib ... 
2023-08-28 12:03:37 +0000  10950 bytes for ./Payload/NCW-sandbox.app/SettingsViewController.nib
2023-08-28 12:03:37 +0000  copying file ./Payload/NCW-sandbox.app/Info.plist ... 
2023-08-28 12:03:37 +0000  2503 bytes for ./Payload/NCW-sandbox.app/Info.plist
2023-08-28 12:03:37 +0000  copying file ./Payload/NCW-sandbox.app/NCW-sandbox ... 
2023-08-28 12:03:37 +0000  16818272 bytes for ./Payload/NCW-sandbox.app/NCW-sandbox
2023-08-28 12:03:37 +0000  copying file ./Payload/NCW-sandbox.app/AdvancedInfoViewController.nib ... 
2023-08-28 12:03:37 +0000  4441 bytes for ./Payload/NCW-sandbox.app/AdvancedInfoViewController.nib
2023-08-28 12:03:37 +0000  copying file ./Payload/NCW-sandbox.app/PkgInfo ... 
2023-08-28 12:03:37 +0000  8 bytes for ./Payload/NCW-sandbox.app/PkgInfo
2023-08-28 12:03:37 +0000  copying file ./SwiftSupport/iphoneos/libswift_Concurrency.dylib ... 
2023-08-28 12:03:37 +0000  7741808 bytes for ./SwiftSupport/iphoneos/libswift_Concurrency.dylib
2023-08-28 12:03:37 +0000  copying file ./Symbols/983506EE-A406-3EA5-94D0-76797791DFD5.symbols ... 
2023-08-28 12:03:37 +0000  916004 bytes for ./Symbols/983506EE-A406-3EA5-94D0-76797791DFD5.symbols
2023-08-28 12:03:37 +0000  copying file ./Symbols/37C9BE2A-6B53-38E8-98C1-A58454FCFCC9.symbols ... 
2023-08-28 12:03:38 +0000  5470812 bytes for ./Symbols/37C9BE2A-6B53-38E8-98C1-A58454FCFCC9.symbols
2023-08-28 12:03:38 +0000  /usr/bin/ditto exited with 0
2023-08-28 12:03:38 +0000  Processing step: IDEDistributionAppStoreInformationStep
2023-08-28 12:03:38 +0000  Skipping step: IDEDistributionAppStoreInformationStep because it said so
2023-08-28 12:03:38 +0000  Processing step: IDEDistributionGenerateProcessedDistributionItems
2023-08-28 12:03:38 +0000  IDEDistributionItem init <DVTFilePath:0x2e4bdbf50:'/var/folders/fd/zvs9w5pd0kb7c1l_sjbgqwfm0000gq/T/XcodeDistPipeline.~~~o24rsI/Root/Payload/NCW-sandbox.app/Frameworks/FireblocksSDK.framework'>
2023-08-28 12:03:38 +0000  IDEDistributionItem init <DVTFilePath:0x50789b130:'/var/folders/fd/zvs9w5pd0kb7c1l_sjbgqwfm0000gq/T/XcodeDistPipeline.~~~o24rsI/Root/Payload/NCW-sandbox.app/Frameworks/libswift_Concurrency.dylib'>
2023-08-28 12:03:38 +0000  [OPTIONAL] Can't have a profile, not a bundle at <DVTFilePath:0x50789b130:'/var/folders/fd/zvs9w5pd0kb7c1l_sjbgqwfm0000gq/T/XcodeDistPipeline.~~~o24rsI/Root/Payload/NCW-sandbox.app/Frameworks/libswift_Concurrency.dylib'>
2023-08-28 12:03:38 +0000  IDEDistributionItem init <DVTFilePath:0x51953b9e0:'/var/folders/fd/zvs9w5pd0kb7c1l_sjbgqwfm0000gq/T/XcodeDistPipeline.~~~o24rsI/Root/Payload/NCW-sandbox.app'>
2023-08-28 12:03:38 +0000  Processing step: IDEDistributionCreateManifestStep
2023-08-28 12:03:38 +0000  Skipping step: IDEDistributionCreateManifestStep because it said so
